#
# A fatal error has been detected by the Java Runtime Environment:
#
#  SIGSEGV (0xb) at pc=0x00007f0a03297b0c, pid=22107, tid=22113
#
# JRE version: OpenJDK Runtime Environment (11.0.6+10) (build 11.0.6+10)
# Java VM: OpenJDK 64-Bit Server VM (11.0.6+10, mixed mode, tiered, compressed oops, g1 gc, linux-amd64)
# Problematic frame:
# C  [liblwjgl_opengl.so+0x44b0c]  Java_org_lwjgl_opengl_GL30_nglGenFramebuffers__IJ+0xc
#
# Core dump will be written. Default location: Core dumps may be processed with "/usr/lib/systemd/systemd-coredump %P %u %g %s %t %c %h %e" (or dumping to /mnt/data/projects/java/opengl/core.22107)
#
# If you would like to submit a bug report, please visit:
#   http://bugreport.java.com/bugreport/crash.jsp
# The crash happened outside the Java Virtual Machine in native code.
# See problematic frame for where to report the bug.
#

---------------  S U M M A R Y ------------

Command Line: -Dfile.encoding=UTF-8 --module-path=/mnt/data/projects/java/opengl/bin:/mnt/data/projects/java/opengl/lwjgl-glfw-javadoc.jar:/mnt/data/projects/java/opengl/lwjgl-glfw-natives-linux.jar:/mnt/data/projects/java/opengl/lwjgl-glfw-natives-macos.jar:/mnt/data/projects/java/opengl/lwjgl-glfw-natives-windows.jar:/mnt/data/projects/java/opengl/lwjgl-glfw.jar:/mnt/data/projects/java/opengl/lwjgl-javadoc.jar:/mnt/data/projects/java/opengl/lwjgl-natives-linux.jar:/mnt/data/projects/java/opengl/lwjgl-natives-macos.jar:/mnt/data/projects/java/opengl/lwjgl-natives-windows.jar:/mnt/data/projects/java/opengl/lwjgl-opengl-javadoc.jar:/mnt/data/projects/java/opengl/lwjgl-opengl-natives-linux.jar:/mnt/data/projects/java/opengl/lwjgl-opengl-natives-macos.jar:/mnt/data/projects/java/opengl/lwjgl-opengl-natives-windows.jar:/mnt/data/projects/java/opengl/lwjgl-opengl.jar:/mnt/data/projects/java/opengl/lwjgl.jar -Djdk.module.main=opengl opengl/opengl.OpenGL

Host: Intel(R) Core(TM) i7-8550U CPU @ 1.80GHz, 8 cores, 15G, Manjaro Linux
Time: Thu Jan 23 14:45:57 2020 CET elapsed time: 0 seconds (0d 0h 0m 0s)

---------------  T H R E A D  ---------------

Current thread (0x00007f0a48014800):  JavaThread "main" [_thread_in_native, id=22113, stack(0x00007f0a4d0f4000,0x00007f0a4d1f5000)]

Stack: [0x00007f0a4d0f4000,0x00007f0a4d1f5000],  sp=0x00007f0a4d1f3818,  free space=1022k
Native frames: (J=compiled Java code, A=aot compiled Java code, j=interpreted, Vv=VM code, C=native code)
C  [liblwjgl_opengl.so+0x44b0c]  Java_org_lwjgl_opengl_GL30_nglGenFramebuffers__IJ+0xc
j  org.lwjgl.opengl.GL30.glGenFramebuffers()I+20 org.lwjgl.opengl
j  opengl.OpenGL.genFrameBuffer()V+2 opengl
j  opengl.OpenGL.main([Ljava/lang/String;)V+9 opengl
v  ~StubRoutines::call_stub
V  [libjvm.so+0x85ae2a]
V  [libjvm.so+0x8d7c61]
V  [libjvm.so+0x8da6ee]
C  [libjli.so+0x50a0]

Java frames: (J=compiled Java code, j=interpreted, Vv=VM code)
j  org.lwjgl.opengl.GL30.nglGenFramebuffers(IJ)V+0 org.lwjgl.opengl
j  org.lwjgl.opengl.GL30.glGenFramebuffers()I+20 org.lwjgl.opengl
j  opengl.OpenGL.genFrameBuffer()V+2 opengl
j  opengl.OpenGL.main([Ljava/lang/String;)V+9 opengl
v  ~StubRoutines::call_stub

siginfo: si_signo: 11 (SIGSEGV), si_code: 1 (SEGV_MAPERR), si_addr: 0x0000000000000ee8

Register to memory mapping:

RAX=0x0 is NULL
RBX={method} {0x00007f0a20c3ee48} 'nglGenFramebuffers' '(IJ)V' in 'org/lwjgl/opengl/GL30'
RCX=0x00007f0a484209cc points into unknown readable memory: 00 00 00 00
RDX=0x0000000000000001 is an unknown value
RSP=0x00007f0a4d1f3818 is pointing into the stack for thread: 0x00007f0a48014800
RBP=0x00007f0a4d1f3880 is pointing into the stack for thread: 0x00007f0a48014800
RSI=0x00007f0a484209cc points into unknown readable memory: 00 00 00 00
RDI=0x0000000000000001 is an unknown value
R8 ={method} {0x00007f0a20c3ee48} 'nglGenFramebuffers' '(IJ)V' in 'org/lwjgl/opengl/GL30'
R9 =0x00007f0a48000bf0 points into unknown readable memory: f0 37 c3 20 0a 7f 00 00
R10=0x00007f0a3091f921 is at code_begin+897 in an Interpreter codelet
method entry point (kind = native)  [0x00007f0a3091f5a0, 0x00007f0a3091ffe0]  2624 bytes
R11=0x00000007186a3918 is an oop: java.lang.Class 
{0x00000007186a3918} - klass: 'java/lang/Class'
R12=0x0 is NULL
R13={method} {0x00007f0a20c3ee48} 'nglGenFramebuffers' '(IJ)V' in 'org/lwjgl/opengl/GL30'
R14=0x00007f0a4d1f38b0 is pointing into the stack for thread: 0x00007f0a48014800
R15=0x00007f0a48014800 is a thread


Registers:
RAX=0x0000000000000000, RBX=0x00007f0a20c3ee48, RCX=0x00007f0a484209cc, RDX=0x0000000000000001
RSP=0x00007f0a4d1f3818, RBP=0x00007f0a4d1f3880, RSI=0x00007f0a484209cc, RDI=0x0000000000000001
R8 =0x00007f0a20c3ee48, R9 =0x00007f0a48000bf0, R10=0x00007f0a3091f921, R11=0x00000007186a3918
R12=0x0000000000000000, R13=0x00007f0a20c3ee48, R14=0x00007f0a4d1f38b0, R15=0x00007f0a48014800
RIP=0x00007f0a03297b0c, EFLAGS=0x0000000000010283, CSGSFS=0x002b000000000033, ERR=0x0000000000000004
  TRAPNO=0x000000000000000e

Top of Stack: (sp=0x00007f0a4d1f3818)
0x00007f0a4d1f3818:   00007f0a3091f950 00007f0a4d1f3880
0x00007f0a4d1f3828:   00007f0a3091f69e 00007f0a3091f656
0x00007f0a4d1f3838:   00007f0a4d1f3838 00007f0a20c3ee48
0x00007f0a4d1f3848:   00007f0a4d1f38b0 00007f0a20c5b3b8 

Instructions: (pc=0x00007f0a03297b0c)
0x00007f0a03297a0c:   89 c9 44 89 d7 48 8b 40 18 48 8b 80 28 0e 00 00
0x00007f0a03297a1c:   ff e0 66 90 48 8b 07 41 89 d2 89 ce 44 89 c2 44
0x00007f0a03297a2c:   89 c9 44 8b 44 24 08 44 89 d7 48 8b 40 18 48 8b
0x00007f0a03297a3c:   80 a0 0e 00 00 ff e0 66 66 66 66 2e 0f 1f 84 00
0x00007f0a03297a4c:   00 00 00 00 48 8b 07 41 89 d2 89 ce 44 89 c2 44
0x00007f0a03297a5c:   89 c9 44 8b 44 24 08 44 8b 4c 24 10 44 89 d7 48
0x00007f0a03297a6c:   8b 40 18 48 8b 80 70 0e 00 00 ff e0 0f 1f 84 00
0x00007f0a03297a7c:   00 00 00 00 48 8b 07 41 89 d2 89 ce 44 89 c2 44
0x00007f0a03297a8c:   89 c9 44 8b 44 24 08 44 89 d7 48 8b 40 18 48 8b
0x00007f0a03297a9c:   80 60 0e 00 00 ff e0 66 66 66 66 2e 0f 1f 84 00
0x00007f0a03297aac:   00 00 00 00 48 8b 07 41 89 d2 89 ce 44 89 c2 44
0x00007f0a03297abc:   89 c9 44 8b 44 24 08 44 89 d7 48 8b 40 18 48 8b
0x00007f0a03297acc:   80 50 0e 00 00 ff e0 66 66 66 66 2e 0f 1f 84 00
0x00007f0a03297adc:   00 00 00 00 48 8b 07 89 d7 48 8b 40 18 48 8b 80
0x00007f0a03297aec:   40 03 00 00 ff e0 66 66 66 66 66 2e 0f 1f 84 00
0x00007f0a03297afc:   00 00 00 00 48 8b 07 48 89 ce 89 d7 48 8b 40 18
0x00007f0a03297b0c:   48 8b 80 e8 0e 00 00 ff e0 66 66 2e 0f 1f 84 00
0x00007f0a03297b1c:   00 00 00 00 48 8b 07 48 89 ce 89 d7 48 8b 40 18
0x00007f0a03297b2c:   48 8b 80 68 09 00 00 ff e0 66 66 2e 0f 1f 84 00
0x00007f0a03297b3c:   00 00 00 00 48 8b 07 89 ce 89 d7 48 8b 40 18 48
0x00007f0a03297b4c:   8b 80 60 01 00 00 ff e0 66 66 66 2e 0f 1f 84 00
0x00007f0a03297b5c:   00 00 00 00 48 8b 07 89 d7 48 8b 40 18 48 8b 80
0x00007f0a03297b6c:   98 1b 00 00 ff e0 66 66 66 66 66 2e 0f 1f 84 00
0x00007f0a03297b7c:   00 00 00 00 48 8b 07 41 89 d1 89 ce 4c 89 c2 44
0x00007f0a03297b8c:   89 cf 48 8b 40 18 48 8b 80 d8 15 00 00 ff e0 0f
0x00007f0a03297b9c:   1f 44 00 00 48 8b 07 41 89 d2 89 ce 44 89 c2 44
0x00007f0a03297bac:   89 c9 44 8b 44 24 08 44 89 d7 48 8b 40 18 48 8b
0x00007f0a03297bbc:   80 58 2e 00 00 ff e0 66 66 66 66 2e 0f 1f 84 00
0x00007f0a03297bcc:   00 00 00 00 48 8b 07 41 89 d2 89 ce 44 89 c2 44
0x00007f0a03297bdc:   89 c9 44 89 d7 48 8b 40 18 48 8b 80 48 2e 00 00
0x00007f0a03297bec:   ff e0 66 90 48 8b 07 48 89 ce 89 d7 48 8b 40 18
0x00007f0a03297bfc:   48 8b 80 38 0f 00 00 ff e0 66 66 2e 0f 1f 84 00 


Stack slot to memory mapping:
stack at sp + 0 slots: 0x00007f0a3091f950 is at code_begin+944 in an Interpreter codelet
method entry point (kind = native)  [0x00007f0a3091f5a0, 0x00007f0a3091ffe0]  2624 bytes
stack at sp + 1 slots: 0x00007f0a4d1f3880 is pointing into the stack for thread: 0x00007f0a48014800
stack at sp + 2 slots: 0x00007f0a3091f69e is at code_begin+254 in an Interpreter codelet
method entry point (kind = native)  [0x00007f0a3091f5a0, 0x00007f0a3091ffe0]  2624 bytes
stack at sp + 3 slots: 0x00007f0a3091f656 is at code_begin+182 in an Interpreter codelet
method entry point (kind = native)  [0x00007f0a3091f5a0, 0x00007f0a3091ffe0]  2624 bytes
stack at sp + 4 slots: 0x00007f0a4d1f3838 is pointing into the stack for thread: 0x00007f0a48014800
stack at sp + 5 slots: {method} {0x00007f0a20c3ee48} 'nglGenFramebuffers' '(IJ)V' in 'org/lwjgl/opengl/GL30'
stack at sp + 6 slots: 0x00007f0a4d1f38b0 is pointing into the stack for thread: 0x00007f0a48014800
stack at sp + 7 slots: 0x00007f0a20c5b3b8 is pointing into metadata


---------------  P R O C E S S  ---------------

Threads class SMR info:
_java_thread_list=0x00007f0a4835d680, length=10, elements={
0x00007f0a48014800, 0x00007f0a481f7000, 0x00007f0a481fb000, 0x00007f0a4820d800,
0x00007f0a4820f800, 0x00007f0a48211800, 0x00007f0a48213800, 0x00007f0a482a4800,
0x00007f09f80cc800, 0x00007f0a4835c000
}

Java Threads: ( => current thread )
=>0x00007f0a48014800 JavaThread "main" [_thread_in_native, id=22113, stack(0x00007f0a4d0f4000,0x00007f0a4d1f5000)]
  0x00007f0a481f7000 JavaThread "Reference Handler" daemon [_thread_blocked, id=22120, stack(0x00007f0a2033a000,0x00007f0a2043b000)]
  0x00007f0a481fb000 JavaThread "Finalizer" daemon [_thread_blocked, id=22121, stack(0x00007f0a20239000,0x00007f0a2033a000)]
  0x00007f0a4820d800 JavaThread "Signal Dispatcher" daemon [_thread_blocked, id=22122, stack(0x00007f0a20138000,0x00007f0a20239000)]
  0x00007f0a4820f800 JavaThread "C2 CompilerThread0" daemon [_thread_blocked, id=22123, stack(0x00007f0a20037000,0x00007f0a20138000)]
  0x00007f0a48211800 JavaThread "C1 CompilerThread0" daemon [_thread_blocked, id=22124, stack(0x00007f0a03c19000,0x00007f0a03d1a000)]
  0x00007f0a48213800 JavaThread "Sweeper thread" daemon [_thread_blocked, id=22125, stack(0x00007f0a03b18000,0x00007f0a03c19000)]
  0x00007f0a482a4800 JavaThread "Common-Cleaner" daemon [_thread_blocked, id=22126, stack(0x00007f0a03a17000,0x00007f0a03b18000)]
  0x00007f09f80cc800 JavaThread "C2 CompilerThread1" daemon [_thread_blocked, id=22127, stack(0x00007f0a03916000,0x00007f0a03a17000)]
  0x00007f0a4835c000 JavaThread "Service Thread" daemon [_thread_blocked, id=22128, stack(0x00007f0a03815000,0x00007f0a03916000)]

Other Threads:
  0x00007f0a481ee800 VMThread "VM Thread" [stack: 0x00007f0a2043d000,0x00007f0a2053d000] [id=22119]
  0x00007f0a4835f000 WatcherThread [stack: 0x00007f0a03715000,0x00007f0a03815000] [id=22129]
  0x00007f0a4802d000 GCTaskThread "GC Thread#0" [stack: 0x00007f0a4cdb8000,0x00007f0a4ceb8000] [id=22114]
  0x00007f0a4808a000 ConcurrentGCThread "G1 Main Marker" [stack: 0x00007f0a4c3af000,0x00007f0a4c4af000] [id=22115]
  0x00007f0a4808c000 ConcurrentGCThread "G1 Conc#0" [stack: 0x00007f0a4c2ad000,0x00007f0a4c3ad000] [id=22116]
  0x00007f0a4818a000 ConcurrentGCThread "G1 Refine#0" [stack: 0x00007f0a20f1d000,0x00007f0a2101d000] [id=22117]
  0x00007f0a4818b800 ConcurrentGCThread "G1 Young RemSet Sampling" [stack: 0x00007f0a20e1b000,0x00007f0a20f1b000] [id=22118]

Threads with active compile tasks:

VM state:not at safepoint (normal execution)

VM Mutex/Monitor currently owned by a thread: None

Heap address: 0x0000000709200000, size: 3950 MB, Compressed Oops mode: Zero based, Oop shift amount: 3
Narrow klass base: 0x0000000800000000, Narrow klass shift: 0
Compressed class space size: 1073741824 Address: 0x0000000800000000

Heap:
 garbage-first heap   total 253952K, used 5120K [0x0000000709200000, 0x0000000800000000)
  region size 1024K, 6 young (6144K), 0 survivors (0K)
 Metaspace       used 8123K, capacity 8261K, committed 8576K, reserved 1056768K
  class space    used 736K, capacity 803K, committed 896K, reserved 1048576K
Heap Regions: E=young(eden), S=young(survivor), O=old, HS=humongous(starts), HC=humongous(continues), CS=collection set, F=free, A=archive, TAMS=top-at-mark-start (previous, next)
|   0|0x0000000709200000, 0x0000000709200000, 0x0000000709300000|  0%| F|  |TAMS 0x0000000709200000, 0x0000000709200000| Untracked 
|   1|0x0000000709300000, 0x0000000709300000, 0x0000000709400000|  0%| F|  |TAMS 0x0000000709300000, 0x0000000709300000| Untracked 
|   2|0x0000000709400000, 0x0000000709400000, 0x0000000709500000|  0%| F|  |TAMS 0x0000000709400000, 0x0000000709400000| Untracked 
|   3|0x0000000709500000, 0x0000000709500000, 0x0000000709600000|  0%| F|  |TAMS 0x0000000709500000, 0x0000000709500000| Untracked 
|   4|0x0000000709600000, 0x0000000709600000, 0x0000000709700000|  0%| F|  |TAMS 0x0000000709600000, 0x0000000709600000| Untracked 
|   5|0x0000000709700000, 0x0000000709700000, 0x0000000709800000|  0%| F|  |TAMS 0x0000000709700000, 0x0000000709700000| Untracked 
|   6|0x0000000709800000, 0x0000000709800000, 0x0000000709900000|  0%| F|  |TAMS 0x0000000709800000, 0x0000000709800000| Untracked 
|   7|0x0000000709900000, 0x0000000709900000, 0x0000000709a00000|  0%| F|  |TAMS 0x0000000709900000, 0x0000000709900000| Untracked 
|   8|0x0000000709a00000, 0x0000000709a00000, 0x0000000709b00000|  0%| F|  |TAMS 0x0000000709a00000, 0x0000000709a00000| Untracked 
|   9|0x0000000709b00000, 0x0000000709b00000, 0x0000000709c00000|  0%| F|  |TAMS 0x0000000709b00000, 0x0000000709b00000| Untracked 
|  10|0x0000000709c00000, 0x0000000709c00000, 0x0000000709d00000|  0%| F|  |TAMS 0x0000000709c00000, 0x0000000709c00000| Untracked 
|  11|0x0000000709d00000, 0x0000000709d00000, 0x0000000709e00000|  0%| F|  |TAMS 0x0000000709d00000, 0x0000000709d00000| Untracked 
|  12|0x0000000709e00000, 0x0000000709e00000, 0x0000000709f00000|  0%| F|  |TAMS 0x0000000709e00000, 0x0000000709e00000| Untracked 
|  13|0x0000000709f00000, 0x0000000709f00000, 0x000000070a000000|  0%| F|  |TAMS 0x0000000709f00000, 0x0000000709f00000| Untracked 
|  14|0x000000070a000000, 0x000000070a000000, 0x000000070a100000|  0%| F|  |TAMS 0x000000070a000000, 0x000000070a000000| Untracked 
|  15|0x000000070a100000, 0x000000070a100000, 0x000000070a200000|  0%| F|  |TAMS 0x000000070a100000, 0x000000070a100000| Untracked 
|  16|0x000000070a200000, 0x000000070a200000, 0x000000070a300000|  0%| F|  |TAMS 0x000000070a200000, 0x000000070a200000| Untracked 
|  17|0x000000070a300000, 0x000000070a300000, 0x000000070a400000|  0%| F|  |TAMS 0x000000070a300000, 0x000000070a300000| Untracked 
|  18|0x000000070a400000, 0x000000070a400000, 0x000000070a500000|  0%| F|  |TAMS 0x000000070a400000, 0x000000070a400000| Untracked 
|  19|0x000000070a500000, 0x000000070a500000, 0x000000070a600000|  0%| F|  |TAMS 0x000000070a500000, 0x000000070a500000| Untracked 
|  20|0x000000070a600000, 0x000000070a600000, 0x000000070a700000|  0%| F|  |TAMS 0x000000070a600000, 0x000000070a600000| Untracked 
|  21|0x000000070a700000, 0x000000070a700000, 0x000000070a800000|  0%| F|  |TAMS 0x000000070a700000, 0x000000070a700000| Untracked 
|  22|0x000000070a800000, 0x000000070a800000, 0x000000070a900000|  0%| F|  |TAMS 0x000000070a800000, 0x000000070a800000| Untracked 
|  23|0x000000070a900000, 0x000000070a900000, 0x000000070aa00000|  0%| F|  |TAMS 0x000000070a900000, 0x000000070a900000| Untracked 
|  24|0x000000070aa00000, 0x000000070aa00000, 0x000000070ab00000|  0%| F|  |TAMS 0x000000070aa00000, 0x000000070aa00000| Untracked 
|  25|0x000000070ab00000, 0x000000070ab00000, 0x000000070ac00000|  0%| F|  |TAMS 0x000000070ab00000, 0x000000070ab00000| Untracked 
|  26|0x000000070ac00000, 0x000000070ac00000, 0x000000070ad00000|  0%| F|  |TAMS 0x000000070ac00000, 0x000000070ac00000| Untracked 
|  27|0x000000070ad00000, 0x000000070ad00000, 0x000000070ae00000|  0%| F|  |TAMS 0x000000070ad00000, 0x000000070ad00000| Untracked 
|  28|0x000000070ae00000, 0x000000070ae00000, 0x000000070af00000|  0%| F|  |TAMS 0x000000070ae00000, 0x000000070ae00000| Untracked 
|  29|0x000000070af00000, 0x000000070af00000, 0x000000070b000000|  0%| F|  |TAMS 0x000000070af00000, 0x000000070af00000| Untracked 
|  30|0x000000070b000000, 0x000000070b000000, 0x000000070b100000|  0%| F|  |TAMS 0x000000070b000000, 0x000000070b000000| Untracked 
|  31|0x000000070b100000, 0x000000070b100000, 0x000000070b200000|  0%| F|  |TAMS 0x000000070b100000, 0x000000070b100000| Untracked 
|  32|0x000000070b200000, 0x000000070b200000, 0x000000070b300000|  0%| F|  |TAMS 0x000000070b200000, 0x000000070b200000| Untracked 
|  33|0x000000070b300000, 0x000000070b300000, 0x000000070b400000|  0%| F|  |TAMS 0x000000070b300000, 0x000000070b300000| Untracked 
|  34|0x000000070b400000, 0x000000070b400000, 0x000000070b500000|  0%| F|  |TAMS 0x000000070b400000, 0x000000070b400000| Untracked 
|  35|0x000000070b500000, 0x000000070b500000, 0x000000070b600000|  0%| F|  |TAMS 0x000000070b500000, 0x000000070b500000| Untracked 
|  36|0x000000070b600000, 0x000000070b600000, 0x000000070b700000|  0%| F|  |TAMS 0x000000070b600000, 0x000000070b600000| Untracked 
|  37|0x000000070b700000, 0x000000070b700000, 0x000000070b800000|  0%| F|  |TAMS 0x000000070b700000, 0x000000070b700000| Untracked 
|  38|0x000000070b800000, 0x000000070b800000, 0x000000070b900000|  0%| F|  |TAMS 0x000000070b800000, 0x000000070b800000| Untracked 
|  39|0x000000070b900000, 0x000000070b900000, 0x000000070ba00000|  0%| F|  |TAMS 0x000000070b900000, 0x000000070b900000| Untracked 
|  40|0x000000070ba00000, 0x000000070ba00000, 0x000000070bb00000|  0%| F|  |TAMS 0x000000070ba00000, 0x000000070ba00000| Untracked 
|  41|0x000000070bb00000, 0x000000070bb00000, 0x000000070bc00000|  0%| F|  |TAMS 0x000000070bb00000, 0x000000070bb00000| Untracked 
|  42|0x000000070bc00000, 0x000000070bc00000, 0x000000070bd00000|  0%| F|  |TAMS 0x000000070bc00000, 0x000000070bc00000| Untracked 
|  43|0x000000070bd00000, 0x000000070bd00000, 0x000000070be00000|  0%| F|  |TAMS 0x000000070bd00000, 0x000000070bd00000| Untracked 
|  44|0x000000070be00000, 0x000000070be00000, 0x000000070bf00000|  0%| F|  |TAMS 0x000000070be00000, 0x000000070be00000| Untracked 
|  45|0x000000070bf00000, 0x000000070bf00000, 0x000000070c000000|  0%| F|  |TAMS 0x000000070bf00000, 0x000000070bf00000| Untracked 
|  46|0x000000070c000000, 0x000000070c000000, 0x000000070c100000|  0%| F|  |TAMS 0x000000070c000000, 0x000000070c000000| Untracked 
|  47|0x000000070c100000, 0x000000070c100000, 0x000000070c200000|  0%| F|  |TAMS 0x000000070c100000, 0x000000070c100000| Untracked 
|  48|0x000000070c200000, 0x000000070c200000, 0x000000070c300000|  0%| F|  |TAMS 0x000000070c200000, 0x000000070c200000| Untracked 
|  49|0x000000070c300000, 0x000000070c300000, 0x000000070c400000|  0%| F|  |TAMS 0x000000070c300000, 0x000000070c300000| Untracked 
|  50|0x000000070c400000, 0x000000070c400000, 0x000000070c500000|  0%| F|  |TAMS 0x000000070c400000, 0x000000070c400000| Untracked 
|  51|0x000000070c500000, 0x000000070c500000, 0x000000070c600000|  0%| F|  |TAMS 0x000000070c500000, 0x000000070c500000| Untracked 
|  52|0x000000070c600000, 0x000000070c600000, 0x000000070c700000|  0%| F|  |TAMS 0x000000070c600000, 0x000000070c600000| Untracked 
|  53|0x000000070c700000, 0x000000070c700000, 0x000000070c800000|  0%| F|  |TAMS 0x000000070c700000, 0x000000070c700000| Untracked 
|  54|0x000000070c800000, 0x000000070c800000, 0x000000070c900000|  0%| F|  |TAMS 0x000000070c800000, 0x000000070c800000| Untracked 
|  55|0x000000070c900000, 0x000000070c900000, 0x000000070ca00000|  0%| F|  |TAMS 0x000000070c900000, 0x000000070c900000| Untracked 
|  56|0x000000070ca00000, 0x000000070ca00000, 0x000000070cb00000|  0%| F|  |TAMS 0x000000070ca00000, 0x000000070ca00000| Untracked 
|  57|0x000000070cb00000, 0x000000070cb00000, 0x000000070cc00000|  0%| F|  |TAMS 0x000000070cb00000, 0x000000070cb00000| Untracked 
|  58|0x000000070cc00000, 0x000000070cc00000, 0x000000070cd00000|  0%| F|  |TAMS 0x000000070cc00000, 0x000000070cc00000| Untracked 
|  59|0x000000070cd00000, 0x000000070cd00000, 0x000000070ce00000|  0%| F|  |TAMS 0x000000070cd00000, 0x000000070cd00000| Untracked 
|  60|0x000000070ce00000, 0x000000070ce00000, 0x000000070cf00000|  0%| F|  |TAMS 0x000000070ce00000, 0x000000070ce00000| Untracked 
|  61|0x000000070cf00000, 0x000000070cf00000, 0x000000070d000000|  0%| F|  |TAMS 0x000000070cf00000, 0x000000070cf00000| Untracked 
|  62|0x000000070d000000, 0x000000070d000000, 0x000000070d100000|  0%| F|  |TAMS 0x000000070d000000, 0x000000070d000000| Untracked 
|  63|0x000000070d100000, 0x000000070d100000, 0x000000070d200000|  0%| F|  |TAMS 0x000000070d100000, 0x000000070d100000| Untracked 
|  64|0x000000070d200000, 0x000000070d200000, 0x000000070d300000|  0%| F|  |TAMS 0x000000070d200000, 0x000000070d200000| Untracked 
|  65|0x000000070d300000, 0x000000070d300000, 0x000000070d400000|  0%| F|  |TAMS 0x000000070d300000, 0x000000070d300000| Untracked 
|  66|0x000000070d400000, 0x000000070d400000, 0x000000070d500000|  0%| F|  |TAMS 0x000000070d400000, 0x000000070d400000| Untracked 
|  67|0x000000070d500000, 0x000000070d500000, 0x000000070d600000|  0%| F|  |TAMS 0x000000070d500000, 0x000000070d500000| Untracked 
|  68|0x000000070d600000, 0x000000070d600000, 0x000000070d700000|  0%| F|  |TAMS 0x000000070d600000, 0x000000070d600000| Untracked 
|  69|0x000000070d700000, 0x000000070d700000, 0x000000070d800000|  0%| F|  |TAMS 0x000000070d700000, 0x000000070d700000| Untracked 
|  70|0x000000070d800000, 0x000000070d800000, 0x000000070d900000|  0%| F|  |TAMS 0x000000070d800000, 0x000000070d800000| Untracked 
|  71|0x000000070d900000, 0x000000070d900000, 0x000000070da00000|  0%| F|  |TAMS 0x000000070d900000, 0x000000070d900000| Untracked 
|  72|0x000000070da00000, 0x000000070da00000, 0x000000070db00000|  0%| F|  |TAMS 0x000000070da00000, 0x000000070da00000| Untracked 
|  73|0x000000070db00000, 0x000000070db00000, 0x000000070dc00000|  0%| F|  |TAMS 0x000000070db00000, 0x000000070db00000| Untracked 
|  74|0x000000070dc00000, 0x000000070dc00000, 0x000000070dd00000|  0%| F|  |TAMS 0x000000070dc00000, 0x000000070dc00000| Untracked 
|  75|0x000000070dd00000, 0x000000070dd00000, 0x000000070de00000|  0%| F|  |TAMS 0x000000070dd00000, 0x000000070dd00000| Untracked 
|  76|0x000000070de00000, 0x000000070de00000, 0x000000070df00000|  0%| F|  |TAMS 0x000000070de00000, 0x000000070de00000| Untracked 
|  77|0x000000070df00000, 0x000000070df00000, 0x000000070e000000|  0%| F|  |TAMS 0x000000070df00000, 0x000000070df00000| Untracked 
|  78|0x000000070e000000, 0x000000070e000000, 0x000000070e100000|  0%| F|  |TAMS 0x000000070e000000, 0x000000070e000000| Untracked 
|  79|0x000000070e100000, 0x000000070e100000, 0x000000070e200000|  0%| F|  |TAMS 0x000000070e100000, 0x000000070e100000| Untracked 
|  80|0x000000070e200000, 0x000000070e200000, 0x000000070e300000|  0%| F|  |TAMS 0x000000070e200000, 0x000000070e200000| Untracked 
|  81|0x000000070e300000, 0x000000070e300000, 0x000000070e400000|  0%| F|  |TAMS 0x000000070e300000, 0x000000070e300000| Untracked 
|  82|0x000000070e400000, 0x000000070e400000, 0x000000070e500000|  0%| F|  |TAMS 0x000000070e400000, 0x000000070e400000| Untracked 
|  83|0x000000070e500000, 0x000000070e500000, 0x000000070e600000|  0%| F|  |TAMS 0x000000070e500000, 0x000000070e500000| Untracked 
|  84|0x000000070e600000, 0x000000070e600000, 0x000000070e700000|  0%| F|  |TAMS 0x000000070e600000, 0x000000070e600000| Untracked 
|  85|0x000000070e700000, 0x000000070e700000, 0x000000070e800000|  0%| F|  |TAMS 0x000000070e700000, 0x000000070e700000| Untracked 
|  86|0x000000070e800000, 0x000000070e800000, 0x000000070e900000|  0%| F|  |TAMS 0x000000070e800000, 0x000000070e800000| Untracked 
|  87|0x000000070e900000, 0x000000070e900000, 0x000000070ea00000|  0%| F|  |TAMS 0x000000070e900000, 0x000000070e900000| Untracked 
|  88|0x000000070ea00000, 0x000000070ea00000, 0x000000070eb00000|  0%| F|  |TAMS 0x000000070ea00000, 0x000000070ea00000| Untracked 
|  89|0x000000070eb00000, 0x000000070eb00000, 0x000000070ec00000|  0%| F|  |TAMS 0x000000070eb00000, 0x000000070eb00000| Untracked 
|  90|0x000000070ec00000, 0x000000070ec00000, 0x000000070ed00000|  0%| F|  |TAMS 0x000000070ec00000, 0x000000070ec00000| Untracked 
|  91|0x000000070ed00000, 0x000000070ed00000, 0x000000070ee00000|  0%| F|  |TAMS 0x000000070ed00000, 0x000000070ed00000| Untracked 
|  92|0x000000070ee00000, 0x000000070ee00000, 0x000000070ef00000|  0%| F|  |TAMS 0x000000070ee00000, 0x000000070ee00000| Untracked 
|  93|0x000000070ef00000, 0x000000070ef00000, 0x000000070f000000|  0%| F|  |TAMS 0x000000070ef00000, 0x000000070ef00000| Untracked 
|  94|0x000000070f000000, 0x000000070f000000, 0x000000070f100000|  0%| F|  |TAMS 0x000000070f000000, 0x000000070f000000| Untracked 
|  95|0x000000070f100000, 0x000000070f100000, 0x000000070f200000|  0%| F|  |TAMS 0x000000070f100000, 0x000000070f100000| Untracked 
|  96|0x000000070f200000, 0x000000070f200000, 0x000000070f300000|  0%| F|  |TAMS 0x000000070f200000, 0x000000070f200000| Untracked 
|  97|0x000000070f300000, 0x000000070f300000, 0x000000070f400000|  0%| F|  |TAMS 0x000000070f300000, 0x000000070f300000| Untracked 
|  98|0x000000070f400000, 0x000000070f400000, 0x000000070f500000|  0%| F|  |TAMS 0x000000070f400000, 0x000000070f400000| Untracked 
|  99|0x000000070f500000, 0x000000070f500000, 0x000000070f600000|  0%| F|  |TAMS 0x000000070f500000, 0x000000070f500000| Untracked 
| 100|0x000000070f600000, 0x000000070f600000, 0x000000070f700000|  0%| F|  |TAMS 0x000000070f600000, 0x000000070f600000| Untracked 
| 101|0x000000070f700000, 0x000000070f700000, 0x000000070f800000|  0%| F|  |TAMS 0x000000070f700000, 0x000000070f700000| Untracked 
| 102|0x000000070f800000, 0x000000070f800000, 0x000000070f900000|  0%| F|  |TAMS 0x000000070f800000, 0x000000070f800000| Untracked 
| 103|0x000000070f900000, 0x000000070f900000, 0x000000070fa00000|  0%| F|  |TAMS 0x000000070f900000, 0x000000070f900000| Untracked 
| 104|0x000000070fa00000, 0x000000070fa00000, 0x000000070fb00000|  0%| F|  |TAMS 0x000000070fa00000, 0x000000070fa00000| Untracked 
| 105|0x000000070fb00000, 0x000000070fb00000, 0x000000070fc00000|  0%| F|  |TAMS 0x000000070fb00000, 0x000000070fb00000| Untracked 
| 106|0x000000070fc00000, 0x000000070fc00000, 0x000000070fd00000|  0%| F|  |TAMS 0x000000070fc00000, 0x000000070fc00000| Untracked 
| 107|0x000000070fd00000, 0x000000070fd00000, 0x000000070fe00000|  0%| F|  |TAMS 0x000000070fd00000, 0x000000070fd00000| Untracked 
| 108|0x000000070fe00000, 0x000000070fe00000, 0x000000070ff00000|  0%| F|  |TAMS 0x000000070fe00000, 0x000000070fe00000| Untracked 
| 109|0x000000070ff00000, 0x000000070ff00000, 0x0000000710000000|  0%| F|  |TAMS 0x000000070ff00000, 0x000000070ff00000| Untracked 
| 110|0x0000000710000000, 0x0000000710000000, 0x0000000710100000|  0%| F|  |TAMS 0x0000000710000000, 0x0000000710000000| Untracked 
| 111|0x0000000710100000, 0x0000000710100000, 0x0000000710200000|  0%| F|  |TAMS 0x0000000710100000, 0x0000000710100000| Untracked 
| 112|0x0000000710200000, 0x0000000710200000, 0x0000000710300000|  0%| F|  |TAMS 0x0000000710200000, 0x0000000710200000| Untracked 
| 113|0x0000000710300000, 0x0000000710300000, 0x0000000710400000|  0%| F|  |TAMS 0x0000000710300000, 0x0000000710300000| Untracked 
| 114|0x0000000710400000, 0x0000000710400000, 0x0000000710500000|  0%| F|  |TAMS 0x0000000710400000, 0x0000000710400000| Untracked 
| 115|0x0000000710500000, 0x0000000710500000, 0x0000000710600000|  0%| F|  |TAMS 0x0000000710500000, 0x0000000710500000| Untracked 
| 116|0x0000000710600000, 0x0000000710600000, 0x0000000710700000|  0%| F|  |TAMS 0x0000000710600000, 0x0000000710600000| Untracked 
| 117|0x0000000710700000, 0x0000000710700000, 0x0000000710800000|  0%| F|  |TAMS 0x0000000710700000, 0x0000000710700000| Untracked 
| 118|0x0000000710800000, 0x0000000710800000, 0x0000000710900000|  0%| F|  |TAMS 0x0000000710800000, 0x0000000710800000| Untracked 
| 119|0x0000000710900000, 0x0000000710900000, 0x0000000710a00000|  0%| F|  |TAMS 0x0000000710900000, 0x0000000710900000| Untracked 
| 120|0x0000000710a00000, 0x0000000710a00000, 0x0000000710b00000|  0%| F|  |TAMS 0x0000000710a00000, 0x0000000710a00000| Untracked 
| 121|0x0000000710b00000, 0x0000000710b00000, 0x0000000710c00000|  0%| F|  |TAMS 0x0000000710b00000, 0x0000000710b00000| Untracked 
| 122|0x0000000710c00000, 0x0000000710c00000, 0x0000000710d00000|  0%| F|  |TAMS 0x0000000710c00000, 0x0000000710c00000| Untracked 
| 123|0x0000000710d00000, 0x0000000710d00000, 0x0000000710e00000|  0%| F|  |TAMS 0x0000000710d00000, 0x0000000710d00000| Untracked 
| 124|0x0000000710e00000, 0x0000000710e00000, 0x0000000710f00000|  0%| F|  |TAMS 0x0000000710e00000, 0x0000000710e00000| Untracked 
| 125|0x0000000710f00000, 0x0000000710f00000, 0x0000000711000000|  0%| F|  |TAMS 0x0000000710f00000, 0x0000000710f00000| Untracked 
| 126|0x0000000711000000, 0x0000000711000000, 0x0000000711100000|  0%| F|  |TAMS 0x0000000711000000, 0x0000000711000000| Untracked 
| 127|0x0000000711100000, 0x0000000711100000, 0x0000000711200000|  0%| F|  |TAMS 0x0000000711100000, 0x0000000711100000| Untracked 
| 128|0x0000000711200000, 0x0000000711200000, 0x0000000711300000|  0%| F|  |TAMS 0x0000000711200000, 0x0000000711200000| Untracked 
| 129|0x0000000711300000, 0x0000000711300000, 0x0000000711400000|  0%| F|  |TAMS 0x0000000711300000, 0x0000000711300000| Untracked 
| 130|0x0000000711400000, 0x0000000711400000, 0x0000000711500000|  0%| F|  |TAMS 0x0000000711400000, 0x0000000711400000| Untracked 
| 131|0x0000000711500000, 0x0000000711500000, 0x0000000711600000|  0%| F|  |TAMS 0x0000000711500000, 0x0000000711500000| Untracked 
| 132|0x0000000711600000, 0x0000000711600000, 0x0000000711700000|  0%| F|  |TAMS 0x0000000711600000, 0x0000000711600000| Untracked 
| 133|0x0000000711700000, 0x0000000711700000, 0x0000000711800000|  0%| F|  |TAMS 0x0000000711700000, 0x0000000711700000| Untracked 
| 134|0x0000000711800000, 0x0000000711800000, 0x0000000711900000|  0%| F|  |TAMS 0x0000000711800000, 0x0000000711800000| Untracked 
| 135|0x0000000711900000, 0x0000000711900000, 0x0000000711a00000|  0%| F|  |TAMS 0x0000000711900000, 0x0000000711900000| Untracked 
| 136|0x0000000711a00000, 0x0000000711a00000, 0x0000000711b00000|  0%| F|  |TAMS 0x0000000711a00000, 0x0000000711a00000| Untracked 
| 137|0x0000000711b00000, 0x0000000711b00000, 0x0000000711c00000|  0%| F|  |TAMS 0x0000000711b00000, 0x0000000711b00000| Untracked 
| 138|0x0000000711c00000, 0x0000000711c00000, 0x0000000711d00000|  0%| F|  |TAMS 0x0000000711c00000, 0x0000000711c00000| Untracked 
| 139|0x0000000711d00000, 0x0000000711d00000, 0x0000000711e00000|  0%| F|  |TAMS 0x0000000711d00000, 0x0000000711d00000| Untracked 
| 140|0x0000000711e00000, 0x0000000711e00000, 0x0000000711f00000|  0%| F|  |TAMS 0x0000000711e00000, 0x0000000711e00000| Untracked 
| 141|0x0000000711f00000, 0x0000000711f00000, 0x0000000712000000|  0%| F|  |TAMS 0x0000000711f00000, 0x0000000711f00000| Untracked 
| 142|0x0000000712000000, 0x0000000712000000, 0x0000000712100000|  0%| F|  |TAMS 0x0000000712000000, 0x0000000712000000| Untracked 
| 143|0x0000000712100000, 0x0000000712100000, 0x0000000712200000|  0%| F|  |TAMS 0x0000000712100000, 0x0000000712100000| Untracked 
| 144|0x0000000712200000, 0x0000000712200000, 0x0000000712300000|  0%| F|  |TAMS 0x0000000712200000, 0x0000000712200000| Untracked 
| 145|0x0000000712300000, 0x0000000712300000, 0x0000000712400000|  0%| F|  |TAMS 0x0000000712300000, 0x0000000712300000| Untracked 
| 146|0x0000000712400000, 0x0000000712400000, 0x0000000712500000|  0%| F|  |TAMS 0x0000000712400000, 0x0000000712400000| Untracked 
| 147|0x0000000712500000, 0x0000000712500000, 0x0000000712600000|  0%| F|  |TAMS 0x0000000712500000, 0x0000000712500000| Untracked 
| 148|0x0000000712600000, 0x0000000712600000, 0x0000000712700000|  0%| F|  |TAMS 0x0000000712600000, 0x0000000712600000| Untracked 
| 149|0x0000000712700000, 0x0000000712700000, 0x0000000712800000|  0%| F|  |TAMS 0x0000000712700000, 0x0000000712700000| Untracked 
| 150|0x0000000712800000, 0x0000000712800000, 0x0000000712900000|  0%| F|  |TAMS 0x0000000712800000, 0x0000000712800000| Untracked 
| 151|0x0000000712900000, 0x0000000712900000, 0x0000000712a00000|  0%| F|  |TAMS 0x0000000712900000, 0x0000000712900000| Untracked 
| 152|0x0000000712a00000, 0x0000000712a00000, 0x0000000712b00000|  0%| F|  |TAMS 0x0000000712a00000, 0x0000000712a00000| Untracked 
| 153|0x0000000712b00000, 0x0000000712b00000, 0x0000000712c00000|  0%| F|  |TAMS 0x0000000712b00000, 0x0000000712b00000| Untracked 
| 154|0x0000000712c00000, 0x0000000712c00000, 0x0000000712d00000|  0%| F|  |TAMS 0x0000000712c00000, 0x0000000712c00000| Untracked 
| 155|0x0000000712d00000, 0x0000000712d00000, 0x0000000712e00000|  0%| F|  |TAMS 0x0000000712d00000, 0x0000000712d00000| Untracked 
| 156|0x0000000712e00000, 0x0000000712e00000, 0x0000000712f00000|  0%| F|  |TAMS 0x0000000712e00000, 0x0000000712e00000| Untracked 
| 157|0x0000000712f00000, 0x0000000712f00000, 0x0000000713000000|  0%| F|  |TAMS 0x0000000712f00000, 0x0000000712f00000| Untracked 
| 158|0x0000000713000000, 0x0000000713000000, 0x0000000713100000|  0%| F|  |TAMS 0x0000000713000000, 0x0000000713000000| Untracked 
| 159|0x0000000713100000, 0x0000000713100000, 0x0000000713200000|  0%| F|  |TAMS 0x0000000713100000, 0x0000000713100000| Untracked 
| 160|0x0000000713200000, 0x0000000713200000, 0x0000000713300000|  0%| F|  |TAMS 0x0000000713200000, 0x0000000713200000| Untracked 
| 161|0x0000000713300000, 0x0000000713300000, 0x0000000713400000|  0%| F|  |TAMS 0x0000000713300000, 0x0000000713300000| Untracked 
| 162|0x0000000713400000, 0x0000000713400000, 0x0000000713500000|  0%| F|  |TAMS 0x0000000713400000, 0x0000000713400000| Untracked 
| 163|0x0000000713500000, 0x0000000713500000, 0x0000000713600000|  0%| F|  |TAMS 0x0000000713500000, 0x0000000713500000| Untracked 
| 164|0x0000000713600000, 0x0000000713600000, 0x0000000713700000|  0%| F|  |TAMS 0x0000000713600000, 0x0000000713600000| Untracked 
| 165|0x0000000713700000, 0x0000000713700000, 0x0000000713800000|  0%| F|  |TAMS 0x0000000713700000, 0x0000000713700000| Untracked 
| 166|0x0000000713800000, 0x0000000713800000, 0x0000000713900000|  0%| F|  |TAMS 0x0000000713800000, 0x0000000713800000| Untracked 
| 167|0x0000000713900000, 0x0000000713900000, 0x0000000713a00000|  0%| F|  |TAMS 0x0000000713900000, 0x0000000713900000| Untracked 
| 168|0x0000000713a00000, 0x0000000713a00000, 0x0000000713b00000|  0%| F|  |TAMS 0x0000000713a00000, 0x0000000713a00000| Untracked 
| 169|0x0000000713b00000, 0x0000000713b00000, 0x0000000713c00000|  0%| F|  |TAMS 0x0000000713b00000, 0x0000000713b00000| Untracked 
| 170|0x0000000713c00000, 0x0000000713c00000, 0x0000000713d00000|  0%| F|  |TAMS 0x0000000713c00000, 0x0000000713c00000| Untracked 
| 171|0x0000000713d00000, 0x0000000713d00000, 0x0000000713e00000|  0%| F|  |TAMS 0x0000000713d00000, 0x0000000713d00000| Untracked 
| 172|0x0000000713e00000, 0x0000000713e00000, 0x0000000713f00000|  0%| F|  |TAMS 0x0000000713e00000, 0x0000000713e00000| Untracked 
| 173|0x0000000713f00000, 0x0000000713f00000, 0x0000000714000000|  0%| F|  |TAMS 0x0000000713f00000, 0x0000000713f00000| Untracked 
| 174|0x0000000714000000, 0x0000000714000000, 0x0000000714100000|  0%| F|  |TAMS 0x0000000714000000, 0x0000000714000000| Untracked 
| 175|0x0000000714100000, 0x0000000714100000, 0x0000000714200000|  0%| F|  |TAMS 0x0000000714100000, 0x0000000714100000| Untracked 
| 176|0x0000000714200000, 0x0000000714200000, 0x0000000714300000|  0%| F|  |TAMS 0x0000000714200000, 0x0000000714200000| Untracked 
| 177|0x0000000714300000, 0x0000000714300000, 0x0000000714400000|  0%| F|  |TAMS 0x0000000714300000, 0x0000000714300000| Untracked 
| 178|0x0000000714400000, 0x0000000714400000, 0x0000000714500000|  0%| F|  |TAMS 0x0000000714400000, 0x0000000714400000| Untracked 
| 179|0x0000000714500000, 0x0000000714500000, 0x0000000714600000|  0%| F|  |TAMS 0x0000000714500000, 0x0000000714500000| Untracked 
| 180|0x0000000714600000, 0x0000000714600000, 0x0000000714700000|  0%| F|  |TAMS 0x0000000714600000, 0x0000000714600000| Untracked 
| 181|0x0000000714700000, 0x0000000714700000, 0x0000000714800000|  0%| F|  |TAMS 0x0000000714700000, 0x0000000714700000| Untracked 
| 182|0x0000000714800000, 0x0000000714800000, 0x0000000714900000|  0%| F|  |TAMS 0x0000000714800000, 0x0000000714800000| Untracked 
| 183|0x0000000714900000, 0x0000000714900000, 0x0000000714a00000|  0%| F|  |TAMS 0x0000000714900000, 0x0000000714900000| Untracked 
| 184|0x0000000714a00000, 0x0000000714a00000, 0x0000000714b00000|  0%| F|  |TAMS 0x0000000714a00000, 0x0000000714a00000| Untracked 
| 185|0x0000000714b00000, 0x0000000714b00000, 0x0000000714c00000|  0%| F|  |TAMS 0x0000000714b00000, 0x0000000714b00000| Untracked 
| 186|0x0000000714c00000, 0x0000000714c00000, 0x0000000714d00000|  0%| F|  |TAMS 0x0000000714c00000, 0x0000000714c00000| Untracked 
| 187|0x0000000714d00000, 0x0000000714d00000, 0x0000000714e00000|  0%| F|  |TAMS 0x0000000714d00000, 0x0000000714d00000| Untracked 
| 188|0x0000000714e00000, 0x0000000714e00000, 0x0000000714f00000|  0%| F|  |TAMS 0x0000000714e00000, 0x0000000714e00000| Untracked 
| 189|0x0000000714f00000, 0x0000000714f00000, 0x0000000715000000|  0%| F|  |TAMS 0x0000000714f00000, 0x0000000714f00000| Untracked 
| 190|0x0000000715000000, 0x0000000715000000, 0x0000000715100000|  0%| F|  |TAMS 0x0000000715000000, 0x0000000715000000| Untracked 
| 191|0x0000000715100000, 0x0000000715100000, 0x0000000715200000|  0%| F|  |TAMS 0x0000000715100000, 0x0000000715100000| Untracked 
| 192|0x0000000715200000, 0x0000000715200000, 0x0000000715300000|  0%| F|  |TAMS 0x0000000715200000, 0x0000000715200000| Untracked 
| 193|0x0000000715300000, 0x0000000715300000, 0x0000000715400000|  0%| F|  |TAMS 0x0000000715300000, 0x0000000715300000| Untracked 
| 194|0x0000000715400000, 0x0000000715400000, 0x0000000715500000|  0%| F|  |TAMS 0x0000000715400000, 0x0000000715400000| Untracked 
| 195|0x0000000715500000, 0x0000000715500000, 0x0000000715600000|  0%| F|  |TAMS 0x0000000715500000, 0x0000000715500000| Untracked 
| 196|0x0000000715600000, 0x0000000715600000, 0x0000000715700000|  0%| F|  |TAMS 0x0000000715600000, 0x0000000715600000| Untracked 
| 197|0x0000000715700000, 0x0000000715700000, 0x0000000715800000|  0%| F|  |TAMS 0x0000000715700000, 0x0000000715700000| Untracked 
| 198|0x0000000715800000, 0x0000000715800000, 0x0000000715900000|  0%| F|  |TAMS 0x0000000715800000, 0x0000000715800000| Untracked 
| 199|0x0000000715900000, 0x0000000715900000, 0x0000000715a00000|  0%| F|  |TAMS 0x0000000715900000, 0x0000000715900000| Untracked 
| 200|0x0000000715a00000, 0x0000000715a00000, 0x0000000715b00000|  0%| F|  |TAMS 0x0000000715a00000, 0x0000000715a00000| Untracked 
| 201|0x0000000715b00000, 0x0000000715b00000, 0x0000000715c00000|  0%| F|  |TAMS 0x0000000715b00000, 0x0000000715b00000| Untracked 
| 202|0x0000000715c00000, 0x0000000715c00000, 0x0000000715d00000|  0%| F|  |TAMS 0x0000000715c00000, 0x0000000715c00000| Untracked 
| 203|0x0000000715d00000, 0x0000000715d00000, 0x0000000715e00000|  0%| F|  |TAMS 0x0000000715d00000, 0x0000000715d00000| Untracked 
| 204|0x0000000715e00000, 0x0000000715e00000, 0x0000000715f00000|  0%| F|  |TAMS 0x0000000715e00000, 0x0000000715e00000| Untracked 
| 205|0x0000000715f00000, 0x0000000715f00000, 0x0000000716000000|  0%| F|  |TAMS 0x0000000715f00000, 0x0000000715f00000| Untracked 
| 206|0x0000000716000000, 0x0000000716000000, 0x0000000716100000|  0%| F|  |TAMS 0x0000000716000000, 0x0000000716000000| Untracked 
| 207|0x0000000716100000, 0x0000000716100000, 0x0000000716200000|  0%| F|  |TAMS 0x0000000716100000, 0x0000000716100000| Untracked 
| 208|0x0000000716200000, 0x0000000716200000, 0x0000000716300000|  0%| F|  |TAMS 0x0000000716200000, 0x0000000716200000| Untracked 
| 209|0x0000000716300000, 0x0000000716300000, 0x0000000716400000|  0%| F|  |TAMS 0x0000000716300000, 0x0000000716300000| Untracked 
| 210|0x0000000716400000, 0x0000000716400000, 0x0000000716500000|  0%| F|  |TAMS 0x0000000716400000, 0x0000000716400000| Untracked 
| 211|0x0000000716500000, 0x0000000716500000, 0x0000000716600000|  0%| F|  |TAMS 0x0000000716500000, 0x0000000716500000| Untracked 
| 212|0x0000000716600000, 0x0000000716600000, 0x0000000716700000|  0%| F|  |TAMS 0x0000000716600000, 0x0000000716600000| Untracked 
| 213|0x0000000716700000, 0x0000000716700000, 0x0000000716800000|  0%| F|  |TAMS 0x0000000716700000, 0x0000000716700000| Untracked 
| 214|0x0000000716800000, 0x0000000716800000, 0x0000000716900000|  0%| F|  |TAMS 0x0000000716800000, 0x0000000716800000| Untracked 
| 215|0x0000000716900000, 0x0000000716900000, 0x0000000716a00000|  0%| F|  |TAMS 0x0000000716900000, 0x0000000716900000| Untracked 
| 216|0x0000000716a00000, 0x0000000716a00000, 0x0000000716b00000|  0%| F|  |TAMS 0x0000000716a00000, 0x0000000716a00000| Untracked 
| 217|0x0000000716b00000, 0x0000000716b00000, 0x0000000716c00000|  0%| F|  |TAMS 0x0000000716b00000, 0x0000000716b00000| Untracked 
| 218|0x0000000716c00000, 0x0000000716c00000, 0x0000000716d00000|  0%| F|  |TAMS 0x0000000716c00000, 0x0000000716c00000| Untracked 
| 219|0x0000000716d00000, 0x0000000716d00000, 0x0000000716e00000|  0%| F|  |TAMS 0x0000000716d00000, 0x0000000716d00000| Untracked 
| 220|0x0000000716e00000, 0x0000000716e00000, 0x0000000716f00000|  0%| F|  |TAMS 0x0000000716e00000, 0x0000000716e00000| Untracked 
| 221|0x0000000716f00000, 0x0000000716f00000, 0x0000000717000000|  0%| F|  |TAMS 0x0000000716f00000, 0x0000000716f00000| Untracked 
| 222|0x0000000717000000, 0x0000000717000000, 0x0000000717100000|  0%| F|  |TAMS 0x0000000717000000, 0x0000000717000000| Untracked 
| 223|0x0000000717100000, 0x0000000717100000, 0x0000000717200000|  0%| F|  |TAMS 0x0000000717100000, 0x0000000717100000| Untracked 
| 224|0x0000000717200000, 0x0000000717200000, 0x0000000717300000|  0%| F|  |TAMS 0x0000000717200000, 0x0000000717200000| Untracked 
| 225|0x0000000717300000, 0x0000000717300000, 0x0000000717400000|  0%| F|  |TAMS 0x0000000717300000, 0x0000000717300000| Untracked 
| 226|0x0000000717400000, 0x0000000717400000, 0x0000000717500000|  0%| F|  |TAMS 0x0000000717400000, 0x0000000717400000| Untracked 
| 227|0x0000000717500000, 0x0000000717500000, 0x0000000717600000|  0%| F|  |TAMS 0x0000000717500000, 0x0000000717500000| Untracked 
| 228|0x0000000717600000, 0x0000000717600000, 0x0000000717700000|  0%| F|  |TAMS 0x0000000717600000, 0x0000000717600000| Untracked 
| 229|0x0000000717700000, 0x0000000717700000, 0x0000000717800000|  0%| F|  |TAMS 0x0000000717700000, 0x0000000717700000| Untracked 
| 230|0x0000000717800000, 0x0000000717800000, 0x0000000717900000|  0%| F|  |TAMS 0x0000000717800000, 0x0000000717800000| Untracked 
| 231|0x0000000717900000, 0x0000000717900000, 0x0000000717a00000|  0%| F|  |TAMS 0x0000000717900000, 0x0000000717900000| Untracked 
| 232|0x0000000717a00000, 0x0000000717a00000, 0x0000000717b00000|  0%| F|  |TAMS 0x0000000717a00000, 0x0000000717a00000| Untracked 
| 233|0x0000000717b00000, 0x0000000717b00000, 0x0000000717c00000|  0%| F|  |TAMS 0x0000000717b00000, 0x0000000717b00000| Untracked 
| 234|0x0000000717c00000, 0x0000000717c00000, 0x0000000717d00000|  0%| F|  |TAMS 0x0000000717c00000, 0x0000000717c00000| Untracked 
| 235|0x0000000717d00000, 0x0000000717d00000, 0x0000000717e00000|  0%| F|  |TAMS 0x0000000717d00000, 0x0000000717d00000| Untracked 
| 236|0x0000000717e00000, 0x0000000717e00000, 0x0000000717f00000|  0%| F|  |TAMS 0x0000000717e00000, 0x0000000717e00000| Untracked 
| 237|0x0000000717f00000, 0x0000000717f00000, 0x0000000718000000|  0%| F|  |TAMS 0x0000000717f00000, 0x0000000717f00000| Untracked 
| 238|0x0000000718000000, 0x0000000718000000, 0x0000000718100000|  0%| F|  |TAMS 0x0000000718000000, 0x0000000718000000| Untracked 
| 239|0x0000000718100000, 0x0000000718100000, 0x0000000718200000|  0%| F|  |TAMS 0x0000000718100000, 0x0000000718100000| Untracked 
| 240|0x0000000718200000, 0x0000000718200000, 0x0000000718300000|  0%| F|  |TAMS 0x0000000718200000, 0x0000000718200000| Untracked 
| 241|0x0000000718300000, 0x0000000718300000, 0x0000000718400000|  0%| F|  |TAMS 0x0000000718300000, 0x0000000718300000| Untracked 
| 242|0x0000000718400000, 0x000000071847ce50, 0x0000000718500000| 48%| E|  |TAMS 0x0000000718400000, 0x0000000718400000| Complete 
| 243|0x0000000718500000, 0x0000000718600000, 0x0000000718600000|100%| E|CS|TAMS 0x0000000718500000, 0x0000000718500000| Complete 
| 244|0x0000000718600000, 0x0000000718700000, 0x0000000718700000|100%| E|CS|TAMS 0x0000000718600000, 0x0000000718600000| Complete 
| 245|0x0000000718700000, 0x0000000718800000, 0x0000000718800000|100%| E|CS|TAMS 0x0000000718700000, 0x0000000718700000| Complete 
| 246|0x0000000718800000, 0x0000000718900000, 0x0000000718900000|100%| E|CS|TAMS 0x0000000718800000, 0x0000000718800000| Complete 
| 247|0x0000000718900000, 0x0000000718a00000, 0x0000000718a00000|100%| E|CS|TAMS 0x0000000718900000, 0x0000000718900000| Complete 

Card table byte_map: [0x00007f0a2b849000,0x00007f0a2c000000] _byte_map_base: 0x00007f0a28000000

Marking Bits (Prev, Next): (CMBitMap*) 0x00007f0a48079cf8, (CMBitMap*) 0x00007f0a48079d30
 Prev Bits: [0x00007f0a272da000, 0x00007f0a2b092000)
 Next Bits: [0x00007f0a23522000, 0x00007f0a272da000)

Polling page: 0x00007f0a4e924000

Metaspace:

Usage:
  Non-class:      7.28 MB capacity,     7.21 MB (>99%) used,    58.84 KB ( <1%) free+waste,    12.38 KB ( <1%) overhead. 
      Class:    803.00 KB capacity,   736.70 KB ( 92%) used,    59.92 KB (  7%) free+waste,     6.38 KB ( <1%) overhead. 
       Both:      8.07 MB capacity,     7.93 MB ( 98%) used,   118.77 KB (  1%) free+waste,    18.75 KB ( <1%) overhead. 

Virtual space:
  Non-class space:        8.00 MB reserved,       7.50 MB ( 94%) committed 
      Class space:        1.00 GB reserved,     896.00 KB ( <1%) committed 
             Both:        1.01 GB reserved,       8.38 MB ( <1%) committed 

Chunk freelists:
   Non-Class:  58.00 KB
       Class:  29.00 KB
        Both:  87.00 KB

MaxMetaspaceSize: unlimited
CompressedClassSpaceSize: 1.00 GB

CodeHeap 'non-profiled nmethods': size=120032Kb used=127Kb max_used=127Kb free=119904Kb
 bounds [0x00007f0a383d8000, 0x00007f0a38648000, 0x00007f0a3f910000]
CodeHeap 'profiled nmethods': size=120028Kb used=691Kb max_used=691Kb free=119337Kb
 bounds [0x00007f0a30ea1000, 0x00007f0a31111000, 0x00007f0a383d8000]
CodeHeap 'non-nmethods': size=5700Kb used=1069Kb max_used=1081Kb free=4630Kb
 bounds [0x00007f0a30910000, 0x00007f0a30b80000, 0x00007f0a30ea1000]
 total_blobs=1000 nmethods=499 adapters=287
 compilation: enabled
              stopped_count=0, restarted_count=0
 full_count=0

Compilation events (20 events):
Event: 0.257 Thread 0x00007f0a4820f800  489       4       java.util.concurrent.ConcurrentHashMap::casTabAt (21 bytes)
Event: 0.257 Thread 0x00007f09f80cc800  490       4       java.util.concurrent.ConcurrentHashMap::tabAt (22 bytes)
Event: 0.257 Thread 0x00007f09f80cc800 nmethod 490 0x00007f0a383f6e10 code [0x00007f0a383f6fa0, 0x00007f0a383f6ff8]
Event: 0.258 Thread 0x00007f0a48211800  491       1       java.net.URL::getHost (5 bytes)
Event: 0.258 Thread 0x00007f0a48211800 nmethod 491 0x00007f0a383f7090 code [0x00007f0a383f7240, 0x00007f0a383f7350]
Event: 0.258 Thread 0x00007f0a48211800  492       3       java.io.RandomAccessFile::seek (22 bytes)
Event: 0.258 Thread 0x00007f0a4820f800 nmethod 489 0x00007f0a383f7790 code [0x00007f0a383f7920, 0x00007f0a383f7a58]
Event: 0.258 Thread 0x00007f0a48211800 nmethod 492 0x00007f0a30f4a410 code [0x00007f0a30f4a5e0, 0x00007f0a30f4a878]
Event: 0.258 Thread 0x00007f0a48211800  494       3       java.util.ArrayList::add (25 bytes)
Event: 0.259 Thread 0x00007f0a48211800 nmethod 494 0x00007f0a30f4a990 code [0x00007f0a30f4aba0, 0x00007f0a30f4b1f8]
Event: 0.259 Thread 0x00007f0a48211800  495       3       java.util.ArrayList::add (23 bytes)
Event: 0.259 Thread 0x00007f0a48211800 nmethod 495 0x00007f0a30f4b490 code [0x00007f0a30f4b6a0, 0x00007f0a30f4bc78]
Event: 0.260 Thread 0x00007f0a48211800  498       3       java.util.zip.ZipFile$Source::getEntryPos (206 bytes)
Event: 0.261 Thread 0x00007f0a48211800 nmethod 498 0x00007f0a30f4be90 code [0x00007f0a30f4c100, 0x00007f0a30f4ce18]
Event: 0.261 Thread 0x00007f0a48211800  496       3       java.util.WeakHashMap::maskNull (12 bytes)
Event: 0.261 Thread 0x00007f0a48211800 nmethod 496 0x00007f0a30f4d410 code [0x00007f0a30f4d5c0, 0x00007f0a30f4d750]
Event: 0.261 Thread 0x00007f0a48211800  497       3       java.util.WeakHashMap::getTable (9 bytes)
Event: 0.261 Thread 0x00007f0a48211800 nmethod 497 0x00007f0a30f4d810 code [0x00007f0a30f4d9c0, 0x00007f0a30f4db68]
Event: 0.265 Thread 0x00007f0a48211800  499       1       java.nio.HeapByteBuffer::isDirect (2 bytes)
Event: 0.265 Thread 0x00007f0a48211800 nmethod 499 0x00007f0a383f7b10 code [0x00007f0a383f7cc0, 0x00007f0a383f7dd0]

GC Heap History (0 events):
No events

Deoptimization events (2 events):
Event: 0.260 Thread 0x00007f0a48014800 DEOPT PACKING pc=0x00007f0a30f0bc84 sp=0x00007f0a4d1ef5f0
Event: 0.260 Thread 0x00007f0a48014800 DEOPT UNPACKING pc=0x00007f0a309387ba sp=0x00007f0a4d1eea68 mode 0

Classes redefined (0 events):
No events

Internal exceptions (12 events):
Event: 0.087 Thread 0x00007f0a48014800 Exception <a 'java/lang/NoSuchMethodError'{0x0000000718828998}: 'int java.lang.invoke.DirectMethodHandle$Holder.invokeSpecial(java.lang.Object, java.lang.Object, java.lang.Object, java.lang.Object)'> (0x0000000718828998) thrown at [/build/java11-openjdk/s
Event: 0.094 Thread 0x00007f0a48014800 Exception <a 'java/lang/NoSuchMethodError'{0x000000071883a490}: 'void java.lang.invoke.DirectMethodHandle$Holder.invokeVirtual(java.lang.Object, java.lang.Object)'> (0x000000071883a490) thrown at [/build/java11-openjdk/src/jdk11u-jdk-11.0.6+10/src/hotspot
Event: 0.117 Thread 0x00007f0a48014800 Exception <a 'java/lang/NoSuchMethodError'{0x00000007188890d8}: 'int java.lang.invoke.DirectMethodHandle$Holder.invokeSpecialIFC(java.lang.Object, java.lang.Object, int)'> (0x00000007188890d8) thrown at [/build/java11-openjdk/src/jdk11u-jdk-11.0.6+10/src/
Event: 0.162 Thread 0x00007f0a48014800 Exception <a 'java/lang/NoSuchMethodError'{0x000000071879f790}: 'java.lang.Object java.lang.invoke.DirectMethodHandle$Holder.invokeVirtual(java.lang.Object, java.lang.Object, java.lang.Object)'> (0x000000071879f790) thrown at [/build/java11-openjdk/src/jd
Event: 0.204 Thread 0x00007f0a48014800 Exception <a 'java/lang/NoSuchMethodError'{0x00000007186f7c88}: 'void java.lang.invoke.DelegatingMethodHandle$Holder.delegate(java.lang.Object, java.lang.Object, int, java.lang.Object)'> (0x00000007186f7c88) thrown at [/build/java11-openjdk/src/jdk11u-jdk
Event: 0.206 Thread 0x00007f0a48014800 Exception <a 'java/lang/NoSuchMethodError'{0x00000007186fee30}: 'java.lang.Object java.lang.invoke.DirectMethodHandle$Holder.invokeStaticInit(java.lang.Object, java.lang.Object, java.lang.Object)'> (0x00000007186fee30) thrown at [/build/java11-openjdk/src
Event: 0.221 Thread 0x00007f0a48014800 Exception <a 'sun/nio/fs/UnixException'{0x000000071856c310}> (0x000000071856c310) thrown at [/build/java11-openjdk/src/jdk11u-jdk-11.0.6+10/src/hotspot/share/prims/jni.cpp, line 615]
Event: 0.236 Thread 0x00007f0a48014800 Exception <a 'sun/nio/fs/UnixException'{0x00000007185973a0}> (0x00000007185973a0) thrown at [/build/java11-openjdk/src/jdk11u-jdk-11.0.6+10/src/hotspot/share/prims/jni.cpp, line 615]
Event: 0.243 Thread 0x00007f0a48014800 Exception <a 'sun/nio/fs/UnixException'{0x00000007185a4f08}> (0x00000007185a4f08) thrown at [/build/java11-openjdk/src/jdk11u-jdk-11.0.6+10/src/hotspot/share/prims/jni.cpp, line 615]
Event: 0.249 Thread 0x00007f0a48014800 Exception <a 'sun/nio/fs/UnixException'{0x00000007185b17d0}> (0x00000007185b17d0) thrown at [/build/java11-openjdk/src/jdk11u-jdk-11.0.6+10/src/hotspot/share/prims/jni.cpp, line 615]
Event: 0.251 Thread 0x00007f0a48014800 Exception <a 'sun/nio/fs/UnixException'{0x00000007185b9ef8}> (0x00000007185b9ef8) thrown at [/build/java11-openjdk/src/jdk11u-jdk-11.0.6+10/src/hotspot/share/prims/jni.cpp, line 615]
Event: 0.252 Thread 0x00007f0a48014800 Exception <a 'sun/nio/fs/UnixException'{0x00000007185ba9d0}> (0x00000007185ba9d0) thrown at [/build/java11-openjdk/src/jdk11u-jdk-11.0.6+10/src/hotspot/share/prims/jni.cpp, line 615]

Events (20 events):
Event: 0.257 loading class java/nio/DoubleBuffer
Event: 0.257 loading class java/nio/DoubleBuffer done
Event: 0.259 loading class java/lang/InstantiationException
Event: 0.259 loading class java/lang/InstantiationException done
Event: 0.260 loading class java/nio/DirectShortBufferU
Event: 0.260 loading class java/nio/DirectShortBufferU done
Event: 0.260 loading class java/nio/DirectCharBufferU
Event: 0.260 loading class java/nio/DirectCharBufferU done
Event: 0.260 loading class java/nio/DirectFloatBufferU
Event: 0.261 loading class java/nio/DirectFloatBufferU done
Event: 0.261 loading class java/nio/DirectDoubleBufferU
Event: 0.261 loading class java/nio/DirectDoubleBufferU done
Event: 0.261 loading class sun/misc/Unsafe
Event: 0.261 loading class sun/misc/Unsafe done
Event: 0.262 loading class jdk/internal/reflect/UnsafeFieldAccessorFactory
Event: 0.262 loading class jdk/internal/reflect/UnsafeFieldAccessorFactory done
Event: 0.262 loading class jdk/internal/reflect/UnsafeQualifiedStaticObjectFieldAccessorImpl
Event: 0.262 loading class jdk/internal/reflect/UnsafeQualifiedStaticFieldAccessorImpl
Event: 0.262 loading class jdk/internal/reflect/UnsafeQualifiedStaticFieldAccessorImpl done
Event: 0.262 loading class jdk/internal/reflect/UnsafeQualifiedStaticObjectFieldAccessorImpl done


Dynamic libraries:
709200000-718a00000 rw-p 00000000 00:00 0 
718a00000-800000000 ---p 00000000 00:00 0 
800000000-8000e0000 rw-p 00000000 00:00 0 
8000e0000-840000000 ---p 00000000 00:00 0 
55a77967e000-55a77967f000 r--p 00000000 103:07 6031062                   /usr/lib/jvm/java-11-openjdk/bin/java
55a77967f000-55a779680000 r-xp 00001000 103:07 6031062                   /usr/lib/jvm/java-11-openjdk/bin/java
55a779680000-55a779681000 r--p 00002000 103:07 6031062                   /usr/lib/jvm/java-11-openjdk/bin/java
55a779681000-55a779682000 r--p 00002000 103:07 6031062                   /usr/lib/jvm/java-11-openjdk/bin/java
55a779682000-55a779683000 rw-p 00003000 103:07 6031062                   /usr/lib/jvm/java-11-openjdk/bin/java
55a77b077000-55a77b098000 rw-p 00000000 00:00 0                          [heap]
7f09dc000000-7f09dc021000 rw-p 00000000 00:00 0 
7f09dc021000-7f09e0000000 ---p 00000000 00:00 0 
7f09e4000000-7f09e414f000 rw-p 00000000 00:00 0 
7f09e414f000-7f09e8000000 ---p 00000000 00:00 0 
7f09e8000000-7f09e8021000 rw-p 00000000 00:00 0 
7f09e8021000-7f09ec000000 ---p 00000000 00:00 0 
7f09ec000000-7f09ec021000 rw-p 00000000 00:00 0 
7f09ec021000-7f09f0000000 ---p 00000000 00:00 0 
7f09f0000000-7f09f0021000 rw-p 00000000 00:00 0 
7f09f0021000-7f09f4000000 ---p 00000000 00:00 0 
7f09f4000000-7f09f4155000 rw-p 00000000 00:00 0 
7f09f4155000-7f09f8000000 ---p 00000000 00:00 0 
7f09f8000000-7f09f8126000 rw-p 00000000 00:00 0 
7f09f8126000-7f09fc000000 ---p 00000000 00:00 0 
7f09fc000000-7f09fc021000 rw-p 00000000 00:00 0 
7f09fc021000-7f0a00000000 ---p 00000000 00:00 0 
7f0a02f65000-7f0a02f71000 r--p 00000000 103:07 5773403                   /usr/lib/libxcb.so.1.1.0
7f0a02f71000-7f0a02f84000 r-xp 0000c000 103:07 5773403                   /usr/lib/libxcb.so.1.1.0
7f0a02f84000-7f0a02f8d000 r--p 0001f000 103:07 5773403                   /usr/lib/libxcb.so.1.1.0
7f0a02f8d000-7f0a02f8e000 r--p 00027000 103:07 5773403                   /usr/lib/libxcb.so.1.1.0
7f0a02f8e000-7f0a02f8f000 rw-p 00028000 103:07 5773403                   /usr/lib/libxcb.so.1.1.0
7f0a02f8f000-7f0a02fab000 r--p 00000000 103:07 5771299                   /usr/lib/libX11.so.6.3.0
7f0a02fab000-7f0a03034000 r-xp 0001c000 103:07 5771299                   /usr/lib/libX11.so.6.3.0
7f0a03034000-7f0a030c8000 r--p 000a5000 103:07 5771299                   /usr/lib/libX11.so.6.3.0
7f0a030c8000-7f0a030cb000 r--p 00138000 103:07 5771299                   /usr/lib/libX11.so.6.3.0
7f0a030cb000-7f0a030cf000 rw-p 0013b000 103:07 5771299                   /usr/lib/libX11.so.6.3.0
7f0a030cf000-7f0a0310f000 r--p 00000000 103:07 5790780                   /usr/lib/libGLdispatch.so.0.0.0
7f0a0310f000-7f0a0314d000 r-xp 00040000 103:07 5790780                   /usr/lib/libGLdispatch.so.0.0.0
7f0a0314d000-7f0a03160000 r--p 0007e000 103:07 5790780                   /usr/lib/libGLdispatch.so.0.0.0
7f0a03160000-7f0a03161000 ---p 00091000 103:07 5790780                   /usr/lib/libGLdispatch.so.0.0.0
7f0a03161000-7f0a0317d000 r--p 00091000 103:07 5790780                   /usr/lib/libGLdispatch.so.0.0.0
7f0a0317d000-7f0a0317e000 rw-p 000ad000 103:07 5790780                   /usr/lib/libGLdispatch.so.0.0.0
7f0a0317e000-7f0a03186000 rw-p 00000000 00:00 0 
7f0a03186000-7f0a031c8000 r--p 00000000 103:07 5773068                   /usr/lib/libGL.so.1.7.0
7f0a031c8000-7f0a031e7000 r-xp 00042000 103:07 5773068                   /usr/lib/libGL.so.1.7.0
7f0a031e7000-7f0a031fc000 r--p 00061000 103:07 5773068                   /usr/lib/libGL.so.1.7.0
7f0a031fc000-7f0a0320a000 r--p 00075000 103:07 5773068                   /usr/lib/libGL.so.1.7.0
7f0a0320a000-7f0a0320b000 rw-p 00083000 103:07 5773068                   /usr/lib/libGL.so.1.7.0
7f0a0320b000-7f0a0320c000 rw-p 00000000 00:00 0 
7f0a03253000-7f0a032be000 r-xp 00000000 00:2c 63                         /tmp/lwjglmarvin/3.1.5-build-1/liblwjgl_opengl.so
7f0a032be000-7f0a034bd000 ---p 0006b000 00:2c 63                         /tmp/lwjglmarvin/3.1.5-build-1/liblwjgl_opengl.so
7f0a034bd000-7f0a034be000 r--p 0006a000 00:2c 63                         /tmp/lwjglmarvin/3.1.5-build-1/liblwjgl_opengl.so
7f0a034be000-7f0a034bf000 rw-p 0006b000 00:2c 63                         /tmp/lwjglmarvin/3.1.5-build-1/liblwjgl_opengl.so
7f0a034bf000-7f0a03512000 r-xp 00000000 00:2c 61                         /tmp/lwjglmarvin/3.1.5-build-1/liblwjgl.so
7f0a03512000-7f0a03711000 ---p 00053000 00:2c 61                         /tmp/lwjglmarvin/3.1.5-build-1/liblwjgl.so
7f0a03711000-7f0a03712000 r--p 00052000 00:2c 61                         /tmp/lwjglmarvin/3.1.5-build-1/liblwjgl.so
7f0a03712000-7f0a03713000 rw-p 00053000 00:2c 61                         /tmp/lwjglmarvin/3.1.5-build-1/liblwjgl.so
7f0a03713000-7f0a03714000 ---p 00000000 00:00 0 
7f0a03714000-7f0a03815000 rw-p 00000000 00:00 0 
7f0a03815000-7f0a03819000 ---p 00000000 00:00 0 
7f0a03819000-7f0a03916000 rw-p 00000000 00:00 0 
7f0a03916000-7f0a0391a000 ---p 00000000 00:00 0 
7f0a0391a000-7f0a03a17000 rw-p 00000000 00:00 0 
7f0a03a17000-7f0a03a1b000 ---p 00000000 00:00 0 
7f0a03a1b000-7f0a03b18000 rw-p 00000000 00:00 0 
7f0a03b18000-7f0a03b1c000 ---p 00000000 00:00 0 
7f0a03b1c000-7f0a03c19000 rw-p 00000000 00:00 0 
7f0a03c19000-7f0a03c1d000 ---p 00000000 00:00 0 
7f0a03c1d000-7f0a03d1a000 rw-p 00000000 00:00 0 
7f0a03d1a000-7f0a04000000 r--p 00000000 103:07 5787671                   /usr/lib/locale/locale-archive
7f0a04000000-7f0a04021000 rw-p 00000000 00:00 0 
7f0a04021000-7f0a08000000 ---p 00000000 00:00 0 
7f0a08000000-7f0a08021000 rw-p 00000000 00:00 0 
7f0a08021000-7f0a0c000000 ---p 00000000 00:00 0 
7f0a0c000000-7f0a0c021000 rw-p 00000000 00:00 0 
7f0a0c021000-7f0a10000000 ---p 00000000 00:00 0 
7f0a10000000-7f0a10021000 rw-p 00000000 00:00 0 
7f0a10021000-7f0a14000000 ---p 00000000 00:00 0 
7f0a14000000-7f0a14021000 rw-p 00000000 00:00 0 
7f0a14021000-7f0a18000000 ---p 00000000 00:00 0 
7f0a18000000-7f0a18021000 rw-p 00000000 00:00 0 
7f0a18021000-7f0a1c000000 ---p 00000000 00:00 0 
7f0a1c000000-7f0a1c021000 rw-p 00000000 00:00 0 
7f0a1c021000-7f0a20000000 ---p 00000000 00:00 0 
7f0a20004000-7f0a20007000 r--p 00000000 103:07 5789951                   /usr/lib/libGLX.so.0.0.0
7f0a20007000-7f0a20021000 r-xp 00003000 103:07 5789951                   /usr/lib/libGLX.so.0.0.0
7f0a20021000-7f0a20024000 r--p 0001d000 103:07 5789951                   /usr/lib/libGLX.so.0.0.0
7f0a20024000-7f0a20025000 ---p 00020000 103:07 5789951                   /usr/lib/libGLX.so.0.0.0
7f0a20025000-7f0a20026000 r--p 00020000 103:07 5789951                   /usr/lib/libGLX.so.0.0.0
7f0a20026000-7f0a20027000 rw-p 00021000 103:07 5789951                   /usr/lib/libGLX.so.0.0.0
7f0a20027000-7f0a20037000 rw-p 00000000 00:00 0 
7f0a20037000-7f0a2003b000 ---p 00000000 00:00 0 
7f0a2003b000-7f0a20138000 rw-p 00000000 00:00 0 
7f0a20138000-7f0a2013c000 ---p 00000000 00:00 0 
7f0a2013c000-7f0a20239000 rw-p 00000000 00:00 0 
7f0a20239000-7f0a2023d000 ---p 00000000 00:00 0 
7f0a2023d000-7f0a2033a000 rw-p 00000000 00:00 0 
7f0a2033a000-7f0a2033e000 ---p 00000000 00:00 0 
7f0a2033e000-7f0a2043b000 rw-p 00000000 00:00 0 
7f0a2043b000-7f0a2043c000 ---p 00000000 00:00 0 
7f0a2043c000-7f0a20d99000 rw-p 00000000 00:00 0 
7f0a20d99000-7f0a20e19000 ---p 00000000 00:00 0 
7f0a20e19000-7f0a20e1a000 ---p 00000000 00:00 0 
7f0a20e1a000-7f0a20f1b000 rw-p 00000000 00:00 0 
7f0a20f1b000-7f0a20f1c000 ---p 00000000 00:00 0 
7f0a20f1c000-7f0a23902000 rw-p 00000000 00:00 0 
7f0a23902000-7f0a272da000 ---p 00000000 00:00 0 
7f0a272da000-7f0a276ba000 rw-p 00000000 00:00 0 
7f0a276ba000-7f0a2b092000 ---p 00000000 00:00 0 
7f0a2b092000-7f0a2b10e000 rw-p 00000000 00:00 0 
7f0a2b10e000-7f0a2b849000 ---p 00000000 00:00 0 
7f0a2b849000-7f0a2b8c5000 rw-p 00000000 00:00 0 
7f0a2b8c5000-7f0a2c000000 ---p 00000000 00:00 0 
7f0a2c000000-7f0a2c021000 rw-p 00000000 00:00 0 
7f0a2c021000-7f0a30000000 ---p 00000000 00:00 0 
7f0a30027000-7f0a301d5000 rw-p 00000000 00:00 0 
7f0a301d5000-7f0a30910000 ---p 00000000 00:00 0 
7f0a30910000-7f0a30b80000 rwxp 00000000 00:00 0 
7f0a30b80000-7f0a30ea1000 ---p 00000000 00:00 0 
7f0a30ea1000-7f0a31111000 rwxp 00000000 00:00 0 
7f0a31111000-7f0a383d8000 ---p 00000000 00:00 0 
7f0a383d8000-7f0a38648000 rwxp 00000000 00:00 0 
7f0a38648000-7f0a3f910000 ---p 00000000 00:00 0 
7f0a3f910000-7f0a48000000 r--s 00000000 103:07 6045294                   /usr/lib/jvm/java-11-openjdk/lib/modules
7f0a48000000-7f0a48437000 rw-p 00000000 00:00 0 
7f0a48437000-7f0a4c000000 ---p 00000000 00:00 0 
7f0a4c026000-7f0a4c02a000 r--p 00000000 103:07 6033739                   /usr/lib/jvm/java-11-openjdk/lib/libnet.so
7f0a4c02a000-7f0a4c039000 r-xp 00004000 103:07 6033739                   /usr/lib/jvm/java-11-openjdk/lib/libnet.so
7f0a4c039000-7f0a4c03d000 r--p 00013000 103:07 6033739                   /usr/lib/jvm/java-11-openjdk/lib/libnet.so
7f0a4c03d000-7f0a4c03e000 r--p 00016000 103:07 6033739                   /usr/lib/jvm/java-11-openjdk/lib/libnet.so
7f0a4c03e000-7f0a4c03f000 rw-p 00017000 103:07 6033739                   /usr/lib/jvm/java-11-openjdk/lib/libnet.so
7f0a4c03f000-7f0a4c2ab000 rw-p 00000000 00:00 0 
7f0a4c2ab000-7f0a4c2ac000 ---p 00000000 00:00 0 
7f0a4c2ac000-7f0a4c3ad000 rw-p 00000000 00:00 0 
7f0a4c3ad000-7f0a4c3ae000 ---p 00000000 00:00 0 
7f0a4c3ae000-7f0a4cdb6000 rw-p 00000000 00:00 0 
7f0a4cdb6000-7f0a4cdb7000 ---p 00000000 00:00 0 
7f0a4cdb7000-7f0a4cebd000 rw-p 00000000 00:00 0 
7f0a4cebd000-7f0a4cfa3000 ---p 00000000 00:00 0 
7f0a4cfa3000-7f0a4cfa8000 rw-p 00000000 00:00 0 
7f0a4cfa8000-7f0a4d08e000 ---p 00000000 00:00 0 
7f0a4d08e000-7f0a4d091000 r--p 00000000 103:07 5783532                   /usr/lib/libnss_files-2.30.so
7f0a4d091000-7f0a4d098000 r-xp 00003000 103:07 5783532                   /usr/lib/libnss_files-2.30.so
7f0a4d098000-7f0a4d09a000 r--p 0000a000 103:07 5783532                   /usr/lib/libnss_files-2.30.so
7f0a4d09a000-7f0a4d09b000 r--p 0000b000 103:07 5783532                   /usr/lib/libnss_files-2.30.so
7f0a4d09b000-7f0a4d09c000 rw-p 0000c000 103:07 5783532                   /usr/lib/libnss_files-2.30.so
7f0a4d09c000-7f0a4d0a2000 rw-p 00000000 00:00 0 
7f0a4d0a7000-7f0a4d0a9000 r--p 00000000 103:07 5769212                   /usr/lib/libXdmcp.so.6.0.0
7f0a4d0a9000-7f0a4d0ab000 r-xp 00002000 103:07 5769212                   /usr/lib/libXdmcp.so.6.0.0
7f0a4d0ab000-7f0a4d0ad000 r--p 00004000 103:07 5769212                   /usr/lib/libXdmcp.so.6.0.0
7f0a4d0ad000-7f0a4d0ae000 r--p 00005000 103:07 5769212                   /usr/lib/libXdmcp.so.6.0.0
7f0a4d0ae000-7f0a4d0af000 rw-p 00006000 103:07 5769212                   /usr/lib/libXdmcp.so.6.0.0
7f0a4d0af000-7f0a4d0b6000 r--p 00000000 103:07 6033742                   /usr/lib/jvm/java-11-openjdk/lib/libnio.so
7f0a4d0b6000-7f0a4d0bd000 r-xp 00007000 103:07 6033742                   /usr/lib/jvm/java-11-openjdk/lib/libnio.so
7f0a4d0bd000-7f0a4d0c0000 r--p 0000e000 103:07 6033742                   /usr/lib/jvm/java-11-openjdk/lib/libnio.so
7f0a4d0c0000-7f0a4d0c1000 r--p 00010000 103:07 6033742                   /usr/lib/jvm/java-11-openjdk/lib/libnio.so
7f0a4d0c1000-7f0a4d0c2000 rw-p 00011000 103:07 6033742                   /usr/lib/jvm/java-11-openjdk/lib/libnio.so
7f0a4d0c2000-7f0a4d0c7000 rw-p 00000000 00:00 0 
7f0a4d0c7000-7f0a4d0ce000 ---p 00000000 00:00 0 
7f0a4d0ce000-7f0a4d0d0000 r--p 00000000 103:07 6033723                   /usr/lib/jvm/java-11-openjdk/lib/libjimage.so
7f0a4d0d0000-7f0a4d0d3000 r-xp 00002000 103:07 6033723                   /usr/lib/jvm/java-11-openjdk/lib/libjimage.so
7f0a4d0d3000-7f0a4d0d4000 r--p 00005000 103:07 6033723                   /usr/lib/jvm/java-11-openjdk/lib/libjimage.so
7f0a4d0d4000-7f0a4d0d5000 ---p 00006000 103:07 6033723                   /usr/lib/jvm/java-11-openjdk/lib/libjimage.so
7f0a4d0d5000-7f0a4d0d6000 r--p 00006000 103:07 6033723                   /usr/lib/jvm/java-11-openjdk/lib/libjimage.so
7f0a4d0d6000-7f0a4d0d7000 rw-p 00007000 103:07 6033723                   /usr/lib/jvm/java-11-openjdk/lib/libjimage.so
7f0a4d0d7000-7f0a4d0d9000 r--p 00000000 103:07 6033760                   /usr/lib/jvm/java-11-openjdk/lib/libzip.so
7f0a4d0d9000-7f0a4d0dd000 r-xp 00002000 103:07 6033760                   /usr/lib/jvm/java-11-openjdk/lib/libzip.so
7f0a4d0dd000-7f0a4d0df000 r--p 00006000 103:07 6033760                   /usr/lib/jvm/java-11-openjdk/lib/libzip.so
7f0a4d0df000-7f0a4d0e0000 r--p 00007000 103:07 6033760                   /usr/lib/jvm/java-11-openjdk/lib/libzip.so
7f0a4d0e0000-7f0a4d0e1000 rw-p 00008000 103:07 6033760                   /usr/lib/jvm/java-11-openjdk/lib/libzip.so
7f0a4d0e1000-7f0a4d0e9000 rw-s 00000000 00:2c 65                         /tmp/hsperfdata_marvin/22107
7f0a4d0e9000-7f0a4d0ec000 r--p 00000000 103:07 5784863                   /usr/lib/librt-2.30.so
7f0a4d0ec000-7f0a4d0f0000 r-xp 00003000 103:07 5784863                   /usr/lib/librt-2.30.so
7f0a4d0f0000-7f0a4d0f2000 r--p 00007000 103:07 5784863                   /usr/lib/librt-2.30.so
7f0a4d0f2000-7f0a4d0f3000 r--p 00008000 103:07 5784863                   /usr/lib/librt-2.30.so
7f0a4d0f3000-7f0a4d0f4000 rw-p 00009000 103:07 5784863                   /usr/lib/librt-2.30.so
7f0a4d0f4000-7f0a4d0f8000 ---p 00000000 00:00 0 
7f0a4d0f8000-7f0a4d1f5000 rw-p 00000000 00:00 0 
7f0a4d1f5000-7f0a4d1f8000 r--p 00000000 103:07 5771534                   /usr/lib/libgcc_s.so.1
7f0a4d1f8000-7f0a4d209000 r-xp 00003000 103:07 5771534                   /usr/lib/libgcc_s.so.1
7f0a4d209000-7f0a4d20d000 r--p 00014000 103:07 5771534                   /usr/lib/libgcc_s.so.1
7f0a4d20d000-7f0a4d20e000 r--p 00017000 103:07 5771534                   /usr/lib/libgcc_s.so.1
7f0a4d20e000-7f0a4d20f000 rw-p 00018000 103:07 5771534                   /usr/lib/libgcc_s.so.1
7f0a4d20f000-7f0a4d21e000 r--p 00000000 103:07 5780093                   /usr/lib/libm-2.30.so
7f0a4d21e000-7f0a4d2ba000 r-xp 0000f000 103:07 5780093                   /usr/lib/libm-2.30.so
7f0a4d2ba000-7f0a4d353000 r--p 000ab000 103:07 5780093                   /usr/lib/libm-2.30.so
7f0a4d353000-7f0a4d354000 r--p 00143000 103:07 5780093                   /usr/lib/libm-2.30.so
7f0a4d354000-7f0a4d355000 rw-p 00144000 103:07 5780093                   /usr/lib/libm-2.30.so
7f0a4d355000-7f0a4d3eb000 r--p 00000000 103:07 5789441                   /usr/lib/libstdc++.so.6.0.27
7f0a4d3eb000-7f0a4d4e4000 r-xp 00096000 103:07 5789441                   /usr/lib/libstdc++.so.6.0.27
7f0a4d4e4000-7f0a4d52e000 r--p 0018f000 103:07 5789441                   /usr/lib/libstdc++.so.6.0.27
7f0a4d52e000-7f0a4d53b000 r--p 001d8000 103:07 5789441                   /usr/lib/libstdc++.so.6.0.27
7f0a4d53b000-7f0a4d53c000 rw-p 001e5000 103:07 5789441                   /usr/lib/libstdc++.so.6.0.27
7f0a4d53c000-7f0a4d53f000 rw-p 00000000 00:00 0 
7f0a4d53f000-7f0a4d7af000 r--p 00000000 103:07 6045304                   /usr/lib/jvm/java-11-openjdk/lib/server/libjvm.so
7f0a4d7af000-7f0a4e385000 r-xp 00270000 103:07 6045304                   /usr/lib/jvm/java-11-openjdk/lib/server/libjvm.so
7f0a4e385000-7f0a4e5c6000 r--p 00e46000 103:07 6045304                   /usr/lib/jvm/java-11-openjdk/lib/server/libjvm.so
7f0a4e5c6000-7f0a4e5c7000 ---p 01087000 103:07 6045304                   /usr/lib/jvm/java-11-openjdk/lib/server/libjvm.so
7f0a4e5c7000-7f0a4e685000 r--p 01087000 103:07 6045304                   /usr/lib/jvm/java-11-openjdk/lib/server/libjvm.so
7f0a4e685000-7f0a4e6be000 rw-p 01145000 103:07 6045304                   /usr/lib/jvm/java-11-openjdk/lib/server/libjvm.so
7f0a4e6be000-7f0a4e716000 rw-p 00000000 00:00 0 
7f0a4e716000-7f0a4e71d000 r--p 00000000 103:07 5784703                   /usr/lib/libpthread-2.30.so
7f0a4e71d000-7f0a4e72d000 r-xp 00007000 103:07 5784703                   /usr/lib/libpthread-2.30.so
7f0a4e72d000-7f0a4e732000 r--p 00017000 103:07 5784703                   /usr/lib/libpthread-2.30.so
7f0a4e732000-7f0a4e733000 r--p 0001b000 103:07 5784703                   /usr/lib/libpthread-2.30.so
7f0a4e733000-7f0a4e734000 rw-p 0001c000 103:07 5784703                   /usr/lib/libpthread-2.30.so
7f0a4e734000-7f0a4e738000 rw-p 00000000 00:00 0 
7f0a4e738000-7f0a4e739000 r--p 00000000 103:07 5777689                   /usr/lib/libdl-2.30.so
7f0a4e739000-7f0a4e73a000 r-xp 00001000 103:07 5777689                   /usr/lib/libdl-2.30.so
7f0a4e73a000-7f0a4e73b000 r--p 00002000 103:07 5777689                   /usr/lib/libdl-2.30.so
7f0a4e73b000-7f0a4e73c000 r--p 00002000 103:07 5777689                   /usr/lib/libdl-2.30.so
7f0a4e73c000-7f0a4e73d000 rw-p 00003000 103:07 5777689                   /usr/lib/libdl-2.30.so
7f0a4e73d000-7f0a4e740000 r--p 00000000 103:07 5777296                   /usr/lib/libz.so.1.2.11
7f0a4e740000-7f0a4e74e000 r-xp 00003000 103:07 5777296                   /usr/lib/libz.so.1.2.11
7f0a4e74e000-7f0a4e754000 r--p 00011000 103:07 5777296                   /usr/lib/libz.so.1.2.11
7f0a4e754000-7f0a4e755000 ---p 00017000 103:07 5777296                   /usr/lib/libz.so.1.2.11
7f0a4e755000-7f0a4e756000 r--p 00017000 103:07 5777296                   /usr/lib/libz.so.1.2.11
7f0a4e756000-7f0a4e757000 rw-p 00018000 103:07 5777296                   /usr/lib/libz.so.1.2.11
7f0a4e757000-7f0a4e77c000 r--p 00000000 103:07 5777121                   /usr/lib/libc-2.30.so
7f0a4e77c000-7f0a4e8c9000 r-xp 00025000 103:07 5777121                   /usr/lib/libc-2.30.so
7f0a4e8c9000-7f0a4e913000 r--p 00172000 103:07 5777121                   /usr/lib/libc-2.30.so
7f0a4e913000-7f0a4e914000 ---p 001bc000 103:07 5777121                   /usr/lib/libc-2.30.so
7f0a4e914000-7f0a4e917000 r--p 001bc000 103:07 5777121                   /usr/lib/libc-2.30.so
7f0a4e917000-7f0a4e91a000 rw-p 001bf000 103:07 5777121                   /usr/lib/libc-2.30.so
7f0a4e91a000-7f0a4e91e000 rw-p 00000000 00:00 0 
7f0a4e91f000-7f0a4e920000 r--p 00000000 103:07 5769208                   /usr/lib/libXau.so.6.0.0
7f0a4e920000-7f0a4e921000 r-xp 00001000 103:07 5769208                   /usr/lib/libXau.so.6.0.0
7f0a4e921000-7f0a4e922000 r--p 00002000 103:07 5769208                   /usr/lib/libXau.so.6.0.0
7f0a4e922000-7f0a4e923000 r--p 00002000 103:07 5769208                   /usr/lib/libXau.so.6.0.0
7f0a4e923000-7f0a4e924000 rw-p 00003000 103:07 5769208                   /usr/lib/libXau.so.6.0.0
7f0a4e924000-7f0a4e925000 ---p 00000000 00:00 0 
7f0a4e925000-7f0a4e926000 r--p 00000000 00:00 0 
7f0a4e926000-7f0a4e934000 r--p 00000000 103:07 6033717                   /usr/lib/jvm/java-11-openjdk/lib/libjava.so
7f0a4e934000-7f0a4e949000 r-xp 0000e000 103:07 6033717                   /usr/lib/jvm/java-11-openjdk/lib/libjava.so
7f0a4e949000-7f0a4e950000 r--p 00023000 103:07 6033717                   /usr/lib/jvm/java-11-openjdk/lib/libjava.so
7f0a4e950000-7f0a4e951000 r--p 00029000 103:07 6033717                   /usr/lib/jvm/java-11-openjdk/lib/libjava.so
7f0a4e951000-7f0a4e952000 rw-p 0002a000 103:07 6033717                   /usr/lib/jvm/java-11-openjdk/lib/libjava.so
7f0a4e952000-7f0a4e953000 rw-p 00000000 00:00 0 
7f0a4e953000-7f0a4e958000 r--p 00000000 103:07 6033758                   /usr/lib/jvm/java-11-openjdk/lib/libverify.so
7f0a4e958000-7f0a4e95f000 r-xp 00005000 103:07 6033758                   /usr/lib/jvm/java-11-openjdk/lib/libverify.so
7f0a4e95f000-7f0a4e961000 r--p 0000c000 103:07 6033758                   /usr/lib/jvm/java-11-openjdk/lib/libverify.so
7f0a4e961000-7f0a4e962000 ---p 0000e000 103:07 6033758                   /usr/lib/jvm/java-11-openjdk/lib/libverify.so
7f0a4e962000-7f0a4e964000 r--p 0000e000 103:07 6033758                   /usr/lib/jvm/java-11-openjdk/lib/libverify.so
7f0a4e964000-7f0a4e965000 rw-p 00010000 103:07 6033758                   /usr/lib/jvm/java-11-openjdk/lib/libverify.so
7f0a4e965000-7f0a4e968000 r--p 00000000 103:07 6033688                   /usr/lib/jvm/java-11-openjdk/lib/jli/libjli.so
7f0a4e968000-7f0a4e972000 r-xp 00003000 103:07 6033688                   /usr/lib/jvm/java-11-openjdk/lib/jli/libjli.so
7f0a4e972000-7f0a4e975000 r--p 0000d000 103:07 6033688                   /usr/lib/jvm/java-11-openjdk/lib/jli/libjli.so
7f0a4e975000-7f0a4e976000 ---p 00010000 103:07 6033688                   /usr/lib/jvm/java-11-openjdk/lib/jli/libjli.so
7f0a4e976000-7f0a4e977000 r--p 00010000 103:07 6033688                   /usr/lib/jvm/java-11-openjdk/lib/jli/libjli.so
7f0a4e977000-7f0a4e978000 rw-p 00011000 103:07 6033688                   /usr/lib/jvm/java-11-openjdk/lib/jli/libjli.so
7f0a4e978000-7f0a4e97a000 rw-p 00000000 00:00 0 
7f0a4e97a000-7f0a4e97c000 r--p 00000000 103:07 5776080                   /usr/lib/ld-2.30.so
7f0a4e97c000-7f0a4e99b000 r-xp 00002000 103:07 5776080                   /usr/lib/ld-2.30.so
7f0a4e99b000-7f0a4e9a3000 r--p 00021000 103:07 5776080                   /usr/lib/ld-2.30.so
7f0a4e9a4000-7f0a4e9a5000 r--p 00029000 103:07 5776080                   /usr/lib/ld-2.30.so
7f0a4e9a5000-7f0a4e9a6000 rw-p 0002a000 103:07 5776080                   /usr/lib/ld-2.30.so
7f0a4e9a6000-7f0a4e9a7000 rw-p 00000000 00:00 0 
7ffee4b20000-7ffee4b41000 rw-p 00000000 00:00 0                          [stack]
7ffee4bed000-7ffee4bf0000 r--p 00000000 00:00 0                          [vvar]
7ffee4bf0000-7ffee4bf2000 r-xp 00000000 00:00 0                          [vdso]
ffffffffff600000-ffffffffff601000 r-xp 00000000 00:00 0                  [vsyscall]


VM Arguments:
jvm_args: -Dfile.encoding=UTF-8 --module-path=/mnt/data/projects/java/opengl/bin:/mnt/data/projects/java/opengl/lwjgl-glfw-javadoc.jar:/mnt/data/projects/java/opengl/lwjgl-glfw-natives-linux.jar:/mnt/data/projects/java/opengl/lwjgl-glfw-natives-macos.jar:/mnt/data/projects/java/opengl/lwjgl-glfw-natives-windows.jar:/mnt/data/projects/java/opengl/lwjgl-glfw.jar:/mnt/data/projects/java/opengl/lwjgl-javadoc.jar:/mnt/data/projects/java/opengl/lwjgl-natives-linux.jar:/mnt/data/projects/java/opengl/lwjgl-natives-macos.jar:/mnt/data/projects/java/opengl/lwjgl-natives-windows.jar:/mnt/data/projects/java/opengl/lwjgl-opengl-javadoc.jar:/mnt/data/projects/java/opengl/lwjgl-opengl-natives-linux.jar:/mnt/data/projects/java/opengl/lwjgl-opengl-natives-macos.jar:/mnt/data/projects/java/opengl/lwjgl-opengl-natives-windows.jar:/mnt/data/projects/java/opengl/lwjgl-opengl.jar:/mnt/data/projects/java/opengl/lwjgl.jar -Djdk.module.main=opengl 
java_command: opengl/opengl.OpenGL
java_class_path (initial): <not set>
Launcher Type: SUN_STANDARD

[Global flags]
     intx CICompilerCount                          = 4                                         {product} {ergonomic}
     uint ConcGCThreads                            = 2                                         {product} {ergonomic}
     uint G1ConcRefinementThreads                  = 8                                         {product} {ergonomic}
   size_t G1HeapRegionSize                         = 1048576                                   {product} {ergonomic}
    uintx GCDrainStackTargetSize                   = 64                                        {product} {ergonomic}
   size_t InitialHeapSize                          = 260046848                                 {product} {ergonomic}
   size_t MarkStackSize                            = 4194304                                   {product} {ergonomic}
   size_t MaxHeapSize                              = 4141875200                                {product} {ergonomic}
   size_t MaxNewSize                               = 2485125120                                {product} {ergonomic}
   size_t MinHeapDeltaBytes                        = 1048576                                   {product} {ergonomic}
    uintx NonNMethodCodeHeapSize                   = 5836300                                {pd product} {ergonomic}
    uintx NonProfiledCodeHeapSize                  = 122910970                              {pd product} {ergonomic}
    uintx ProfiledCodeHeapSize                     = 122910970                              {pd product} {ergonomic}
    uintx ReservedCodeCacheSize                    = 251658240                              {pd product} {ergonomic}
     bool SegmentedCodeCache                       = true                                      {product} {ergonomic}
     bool UseCompressedClassPointers               = true                                 {lp64_product} {ergonomic}
     bool UseCompressedOops                        = true                                 {lp64_product} {ergonomic}
     bool UseG1GC                                  = true                                      {product} {ergonomic}

Logging:
Log output configuration:
 #0: stdout all=warning uptime,level,tags
 #1: stderr all=off uptime,level,tags

Environment Variables:
PATH=/home/marvin/.local/bin:/opt/devkitpro/tools/bin:/usr/local/bin:/usr/bin:/bin:/usr/local/sbin:/var/lib/flatpak/exports/bin:/opt/intel/mediasdk/bin:/usr/lib/jvm/default/bin:/usr/bin/site_perl:/usr/bin/vendor_perl:/usr/bin/core_perl
SHELL=/bin/bash
DISPLAY=:0

Signal Handlers:
SIGSEGV: [libjvm.so+0xdd1b00], sa_mask[0]=11111111011111111101111111111110, sa_flags=SA_RESTART|SA_SIGINFO
SIGBUS: [libjvm.so+0xdd1b00], sa_mask[0]=11111111011111111101111111111110, sa_flags=SA_RESTART|SA_SIGINFO
SIGFPE: [libjvm.so+0xdd1b00], sa_mask[0]=11111111011111111101111111111110, sa_flags=SA_RESTART|SA_SIGINFO
SIGPIPE: [libjvm.so+0xbc6960], sa_mask[0]=11111111011111111101111111111110, sa_flags=SA_RESTART|SA_SIGINFO
SIGXFSZ: [libjvm.so+0xbc6960], sa_mask[0]=11111111011111111101111111111110, sa_flags=SA_RESTART|SA_SIGINFO
SIGILL: [libjvm.so+0xdd1b00], sa_mask[0]=11111111011111111101111111111110, sa_flags=SA_RESTART|SA_SIGINFO
SIGUSR2: [libjvm.so+0xbc67f0], sa_mask[0]=00100000000000000000000000000000, sa_flags=SA_RESTART|SA_SIGINFO
SIGHUP: [libjvm.so+0xbc6ce0], sa_mask[0]=11111111011111111101111111111110, sa_flags=SA_RESTART|SA_SIGINFO
SIGINT: [libjvm.so+0xbc6ce0], sa_mask[0]=11111111011111111101111111111110, sa_flags=SA_RESTART|SA_SIGINFO
SIGTERM: [libjvm.so+0xbc6ce0], sa_mask[0]=11111111011111111101111111111110, sa_flags=SA_RESTART|SA_SIGINFO
SIGQUIT: [libjvm.so+0xbc6ce0], sa_mask[0]=11111111011111111101111111111110, sa_flags=SA_RESTART|SA_SIGINFO


---------------  S Y S T E M  ---------------

OS:DISTRIB_ID=ManjaroLinux
DISTRIB_RELEASE=18.1.5
DISTRIB_CODENAME=Juhraya
DISTRIB_DESCRIPTION="Manjaro Linux"
uname:Linux 4.19.97-1-MANJARO #1 SMP Sat Jan 18 00:17:24 UTC 2020 x86_64
libc:glibc 2.30 NPTL 2.30 
rlimit: STACK 8192k, CORE infinity, NPROC 62990, NOFILE 524288, AS infinity, DATA infinity, FSIZE infinity
load average:2.38 2.00 1.57

/proc/meminfo:
MemTotal:       16176196 kB
MemFree:         9167136 kB
MemAvailable:   11378108 kB
Buffers:          362368 kB
Cached:          2366164 kB
SwapCached:            0 kB
Active:          4549372 kB
Inactive:        1917968 kB
Active(anon):    3748224 kB
Inactive(anon):   397044 kB
Active(file):     801148 kB
Inactive(file):  1520924 kB
Unevictable:         112 kB
Mlocked:             112 kB
SwapTotal:      14334972 kB
SwapFree:       14334972 kB
Dirty:              3148 kB
Writeback:             0 kB
AnonPages:       3738968 kB
Mapped:           688464 kB
Shmem:            408580 kB
Slab:             342456 kB
SReclaimable:     228816 kB
SUnreclaim:       113640 kB
KernelStack:       15408 kB
PageTables:        27336 kB
NFS_Unstable:          0 kB
Bounce:                0 kB
WritebackTmp:          0 kB
CommitLimit:    22423068 kB
Committed_AS:    8175532 kB
VmallocTotal:   34359738367 kB
VmallocUsed:           0 kB
VmallocChunk:          0 kB
Percpu:             3488 kB
HardwareCorrupted:     0 kB
AnonHugePages:         0 kB
ShmemHugePages:        0 kB
ShmemPmdMapped:        0 kB
HugePages_Total:       0
HugePages_Free:        0
HugePages_Rsvd:        0
HugePages_Surp:        0
Hugepagesize:       2048 kB
Hugetlb:               0 kB
DirectMap4k:      314996 kB
DirectMap2M:     9920512 kB
DirectMap1G:     6291456 kB


/proc/sys/kernel/threads-max (system-wide limit on the number of threads):
125980


/proc/sys/vm/max_map_count (maximum number of memory map areas a process may have):
65530


/proc/sys/kernel/pid_max (system-wide limit on number of process identifiers):
32768



container (cgroup) information:
container_type: cgroupv1
cpu_cpuset_cpus: 0-7
cpu_memory_nodes: 0
active_processor_count: 8
cpu_quota: -1
cpu_period: 100000
cpu_shares: -1
memory_limit_in_bytes: -1
memory_and_swap_limit_in_bytes: -1
memory_soft_limit_in_bytes: -1
memory_usage_in_bytes: 5609086976
memory_max_usage_in_bytes: 5736476672

Steal ticks since vm start: 0
Steal ticks percentage since vm start:  0.000

CPU:total 8 (initial active 8) (4 cores per cpu, 2 threads per core) family 6 model 142 stepping 10, cmov, cx8, fxsr, mmx, sse, sse2, sse3, ssse3, sse4.1, sse4.2, popcnt, avx, avx2, aes, clmul, erms, 3dnowpref, lzcnt, ht, tsc, tscinvbit, bmi1, bmi2, adx, fma
CPU Model and flags from /proc/cpuinfo:
model name	: Intel(R) Core(TM) i7-8550U CPU @ 1.80GHz
flags		: fpu vme de pse tsc msr pae mce cx8 apic sep mtrr pge mca cmov pat pse36 clflush dts acpi mmx fxsr sse sse2 ss ht tm pbe syscall nx pdpe1gb rdtscp lm constant_tsc art arch_perfmon pebs bts rep_good nopl xtopology nonstop_tsc cpuid aperfmperf tsc_known_freq pni pclmulqdq dtes64 monitor ds_cpl vmx est tm2 ssse3 sdbg fma cx16 xtpr pdcm pcid sse4_1 sse4_2 x2apic movbe popcnt tsc_deadline_timer aes xsave avx f16c rdrand lahf_lm abm 3dnowprefetch cpuid_fault epb invpcid_single pti ssbd ibrs ibpb stibp tpr_shadow vnmi flexpriority ept vpid ept_ad fsgsbase tsc_adjust bmi1 avx2 smep bmi2 erms invpcid mpx rdseed adx smap clflushopt intel_pt xsaveopt xsavec xgetbv1 xsaves dtherm ida arat pln pts hwp hwp_notify hwp_act_window hwp_epp md_clear flush_l1d

Memory: 4k page, physical 16176196k(9166536k free), swap 14334972k(14334972k free)

vm_info: OpenJDK 64-Bit Server VM (11.0.6+10) for linux-amd64 JRE (11.0.6+10), built on Jan 17 2020 06:39:31 by "builduser" with gcc 9.2.0

END.
